Base path: D:/Program Files (x86)/Unity/Editor/Data
Pipe name: \\.\pipe\UnityShaderCompiler-1-3556
Cmd: getPlatforms
Cmd: preprocess
  insize=9195 outsize=2329 ok=1
Cmd: compileSnippet
  api=4 type=0 insize=6521 outsize=990 kw= ok=1
Cmd: compileSnippet
  api=4 type=1 insize=6521 outsize=1542 kw= ok=1
Cmd: compileSnippet
  api=4 type=0 insize=6517 outsize=990 kw= ok=1
Cmd: compileSnippet
  api=4 type=1 insize=6517 outsize=2184 kw= ok=1
Cmd: compileSnippet
  api=4 type=0 insize=6517 outsize=990 kw= ok=1
Cmd: compileSnippet
  api=4 type=1 insize=6517 outsize=1469 kw= ok=1
Cmd: compileSnippet
  api=4 type=0 insize=6517 outsize=990 kw= ok=1
Cmd: compileSnippet
  api=4 type=1 insize=6517 outsize=1469 kw= ok=1
Cmd: compileSnippet
  api=4 type=0 insize=6520 outsize=990 kw= ok=1
Cmd: compileSnippet
  api=4 type=1 insize=6520 outsize=1794 kw= ok=1
Cmd: compileSnippet
  api=4 type=0 insize=6520 outsize=990 kw= ok=1
Cmd: compileSnippet
  api=4 type=1 insize=6520 outsize=1469 kw= ok=1
Cmd: compileSnippet
  api=4 type=0 insize=6529 outsize=990 kw= ok=1
Cmd: compileSnippet
  api=4 type=1 insize=6529 outsize=1087 kw= ok=1
Cmd: compileSnippet
  api=4 type=0 insize=6534 outsize=990 kw= ok=1
Cmd: compileSnippet
  api=4 type=1 insize=6534 outsize=1347 kw= ok=1
Cmd: compileSnippet
  api=4 type=0 insize=6527 outsize=990 kw= ok=1
Cmd: compileSnippet
  api=4 type=1 insize=6527 outsize=852 kw= ok=1
Cmd: compileSnippet
  api=4 type=0 insize=6525 outsize=990 kw= ok=1
Cmd: compileSnippet
  api=4 type=1 insize=6525 outsize=1510 kw= ok=1
Cmd: compileSnippet
  api=4 type=0 insize=6532 outsize=990 kw= ok=1
Cmd: compileSnippet
  api=4 type=1 insize=6532 outsize=1591 kw= ok=1
Cmd: preprocess
  insize=3926 outsize=2107 ok=1
Cmd: compileSnippet
  api=4 type=0 insize=2123 outsize=6027 kw= ok=1
Cmd: compileSnippet
  api=4 type=1 insize=2123 outsize=770 kw= ok=1
Cmd: preprocess
  insize=11276 outsize=718 ok=1
Cmd: compileSnippet
  api=4 type=0 insize=10590 outsize=990 kw= ok=1
Cmd: compileSnippet
  api=4 type=1 insize=10590 outsize=1672 kw= ok=1
Cmd: compileSnippet
  api=4 type=0 insize=10613 outsize=990 kw= ok=1
Cmd: compileSnippet
  api=4 type=1 insize=10613 outsize=9269 kw= ok=1
Cmd: compileSnippet
  api=4 type=0 insize=10612 outsize=990 kw= ok=1
Cmd: compileSnippet
  api=4 type=1 insize=10612 outsize=9285 kw= ok=1
Cmd: preprocess
  insize=2272 outsize=1037 ok=1
Cmd: compileSnippet
  api=4 type=0 insize=1537 outsize=1274 kw=SOFTPARTICLES_OFF ok=1
Cmd: compileSnippet
  api=4 type=1 insize=1537 outsize=908 kw=SOFTPARTICLES_OFF ok=1
Cmd: preprocess
  insize=2457 outsize=1483 ok=1
Cmd: compileSnippet
  api=4 type=0 insize=1310 outsize=4378 kw=SHADOWS_SCREEN LIGHTMAP_ON ok=1
Cmd: compileSnippet
  api=4 type=1 insize=1310 outsize=2078 kw=SHADOWS_SCREEN LIGHTMAP_ON ok=1
Cmd: preprocess
  insize=1209 outsize=459 ok=1
Cmd: compileSnippet
  api=4 type=0 insize=997 outsize=990 kw= ok=1
Cmd: compileSnippet
  api=4 type=1 insize=997 outsize=843 kw= ok=1
Cmd: compileSnippet
  api=4 type=0 insize=996 outsize=990 kw= ok=1
Cmd: compileSnippet
  api=4 type=1 insize=996 outsize=843 kw= ok=1
Cmd: preprocess
  insize=8652 outsize=774 ok=1
Cmd: compileSnippet
  api=4 type=0 insize=8117 outsize=1908 kw= ok=1
Cmd: compileSnippet
  api=4 type=1 insize=8117 outsize=3094 kw= ok=1
Cmd: compileSnippet
  api=4 type=0 insize=8122 outsize=1997 kw= ok=1
Cmd: compileSnippet
  api=4 type=1 insize=8122 outsize=3297 kw= ok=1
Cmd: compileSnippet
  api=4 type=0 insize=8142 outsize=1339 kw= ok=1
Cmd: compileSnippet
  api=4 type=1 insize=8142 outsize=4963 kw= ok=1
Cmd: compileSnippet
  api=4 type=0 insize=8137 outsize=1339 kw= ok=1
Cmd: compileSnippet
  api=4 type=1 insize=8137 outsize=5223 kw= ok=1
Cmd: preprocess
  insize=2926 outsize=1344 ok=1
Cmd: compileSnippet
  api=4 type=0 insize=1886 outsize=2103 kw= ok=1
Cmd: compileSnippet
  api=4 type=1 insize=1886 outsize=1242 kw= ok=1
Cmd: preprocess
  insize=1685 outsize=352 ok=1
Cmd: compileSnippet
  api=4 type=0 insize=1635 outsize=1485 kw= ok=1
Cmd: compileSnippet
  api=4 type=1 insize=1635 outsize=1965 kw= ok=1
Cmd: preprocess
  insize=1509 outsize=871 ok=1
Cmd: compileSnippet
  api=4 type=0 insize=940 outsize=762 kw= ok=1
Cmd: compileSnippet
  api=4 type=1 insize=940 outsize=453 kw= ok=1
Cmd: preprocess
  insize=3601 outsize=705 ok=1
Cmd: compileSnippet
  api=4 type=0 insize=2929 outsize=1843 kw= ok=1
Cmd: compileSnippet
  api=4 type=1 insize=2929 outsize=2298 kw= ok=1
Cmd: compileSnippet
  api=4 type=0 insize=2920 outsize=1843 kw= ok=1
Cmd: compileSnippet
  api=4 type=1 insize=2920 outsize=1705 kw= ok=1
Cmd: compileSnippet
  api=4 type=0 insize=2919 outsize=1843 kw= ok=1
Cmd: compileSnippet
  api=4 type=1 insize=2919 outsize=1753 kw= ok=1
Cmd: compileSnippet
  api=4 type=0 insize=2931 outsize=1843 kw= ok=1
Cmd: compileSnippet
  api=4 type=1 insize=2931 outsize=2233 kw= ok=1
Cmd: preprocess
  insize=2234 outsize=1394 ok=1
Cmd: compileSnippet
  api=4 type=0 insize=1175 outsize=4183 kw=SHADOWS_SCREEN LIGHTMAP_ON ok=1
Cmd: compileSnippet
  api=4 type=1 insize=1175 outsize=1705 kw=SHADOWS_SCREEN LIGHTMAP_ON ok=1
Cmd: preprocess
  insize=2278 outsize=837 ok=1
Cmd: compileSnippet
  api=4 type=0 insize=1747 outsize=990 kw= ok=1
Cmd: compileSnippet
  api=4 type=1 insize=1747 outsize=2590 kw= ok=1
Cmd: preprocess
  insize=653 outsize=653 ok=1
Cmd: preprocess
  insize=919 outsize=353 ok=1
Cmd: compileSnippet
  api=4 type=0 insize=869 outsize=990 kw= ok=1
Cmd: compileSnippet
  api=4 type=1 insize=869 outsize=1225 kw= ok=1
Cmd: preprocess
  insize=1936 outsize=848 ok=1
Cmd: compileSnippet
  api=4 type=0 insize=1390 outsize=1510 kw= ok=1
Cmd: compileSnippet
  api=4 type=1 insize=1390 outsize=852 kw= ok=1
Cmd: preprocess
  insize=2317 outsize=849 ok=1
Cmd: compileSnippet
  api=4 type=0 insize=1770 outsize=1697 kw= ok=1
Cmd: compileSnippet
  api=4 type=1 insize=1770 outsize=1290 kw= ok=1
Cmd: preprocess
  insize=519 outsize=1267 ok=1
Cmd: compileSnippet
  api=4 type=0 insize=4281 outsize=2607 kw=DIRECTIONAL SHADOWS_OFF LIGHTMAP_OFF DIRLIGHTMAP_OFF ok=1
Cmd: compileSnippet
  api=4 type=1 insize=4281 outsize=1307 kw=DIRECTIONAL SHADOWS_OFF LIGHTMAP_OFF DIRLIGHTMAP_OFF ok=1
Cmd: compileSnippet
  api=4 type=0 insize=2257 outsize=2875 kw=POINT ok=1
Cmd: compileSnippet
  api=4 type=1 insize=2257 outsize=1607 kw=POINT ok=1
Cmd: compileSnippet
  api=4 type=0 insize=1785 outsize=1477 kw= ok=1
Cmd: compileSnippet
  api=4 type=1 insize=1785 outsize=632 kw= ok=1
Cmd: compileSnippet
  api=4 type=0 insize=3998 outsize=2883 kw=LIGHTMAP_OFF DIRLIGHTMAP_OFF HDR_LIGHT_PREPASS_OFF ok=1
Cmd: compileSnippet
  api=4 type=1 insize=3998 outsize=1250 kw=LIGHTMAP_OFF DIRLIGHTMAP_OFF HDR_LIGHT_PREPASS_OFF ok=1
Cmd: preprocess
  insize=1571 outsize=492 ok=1
Cmd: compileSnippet
  api=4 type=0 insize=1381 outsize=1388 kw= ok=1
Cmd: compileSnippet
  api=4 type=1 insize=1381 outsize=1737 kw= ok=1
Cmd: preprocess
  insize=1006 outsize=316 ok=1
Cmd: compileSnippet
  api=4 type=0 insize=995 outsize=990 kw= ok=1
Cmd: compileSnippet
  api=4 type=1 insize=995 outsize=957 kw= ok=1
Cmd: preprocess
  insize=519 outsize=1267 ok=1
Cmd: preprocess
  insize=1046 outsize=1461 ok=1
Cmd: compileSnippet
  api=4 type=0 insize=5310 outsize=3395 kw=DIRECTIONAL SHADOWS_OFF LIGHTMAP_OFF DIRLIGHTMAP_OFF ok=1
Cmd: compileSnippet
  api=4 type=1 insize=5310 outsize=2753 kw=DIRECTIONAL SHADOWS_OFF LIGHTMAP_OFF DIRLIGHTMAP_OFF ok=1
Cmd: compileSnippet
  api=4 type=0 insize=2741 outsize=3053 kw=POINT ok=1
Cmd: compileSnippet
  api=4 type=1 insize=2741 outsize=2550 kw=POINT ok=1
Cmd: compileSnippet
  api=4 type=0 insize=2118 outsize=1477 kw= ok=1
Cmd: compileSnippet
  api=4 type=1 insize=2118 outsize=673 kw= ok=1
Cmd: compileSnippet
  api=4 type=0 insize=4689 outsize=3866 kw=LIGHTMAP_OFF DIRLIGHTMAP_OFF HDR_LIGHT_PREPASS_OFF ok=1
Cmd: compileSnippet
  api=4 type=1 insize=4689 outsize=2143 kw=LIGHTMAP_OFF DIRLIGHTMAP_OFF HDR_LIGHT_PREPASS_OFF ok=1
Cmd: preprocess
  insize=2977 outsize=1794 ok=1
Cmd: compileSnippet
  api=4 type=0 insize=1519 outsize=4045 kw=SHADOWS_SCREEN LIGHTMAP_ON ok=1
Cmd: compileSnippet
  api=4 type=1 insize=1519 outsize=2111 kw=SHADOWS_SCREEN LIGHTMAP_ON ok=1
Cmd: preprocess
  insize=1308 outsize=1697 ok=1
Cmd: compileSnippet
  api=4 type=0 insize=5118 outsize=3395 kw=DIRECTIONAL SHADOWS_OFF LIGHTMAP_OFF DIRLIGHTMAP_OFF ok=1
Cmd: compileSnippet
  api=4 type=1 insize=5118 outsize=2298 kw=DIRECTIONAL SHADOWS_OFF LIGHTMAP_OFF DIRLIGHTMAP_OFF ok=1
Cmd: compileSnippet
  api=4 type=0 insize=2712 outsize=2875 kw=POINT ok=1
Cmd: compileSnippet
  api=4 type=1 insize=2712 outsize=1786 kw=POINT ok=1
Cmd: compileSnippet
  api=4 type=0 insize=2371 outsize=1697 kw= ok=1
Cmd: compileSnippet
  api=4 type=1 insize=2371 outsize=1063 kw= ok=1
Cmd: compileSnippet
  api=4 type=0 insize=4706 outsize=3866 kw=LIGHTMAP_OFF DIRLIGHTMAP_OFF HDR_LIGHT_PREPASS_OFF ok=1
Cmd: compileSnippet
  api=4 type=1 insize=4706 outsize=2200 kw=LIGHTMAP_OFF DIRLIGHTMAP_OFF HDR_LIGHT_PREPASS_OFF ok=1
Cmd: preprocess
  insize=2775 outsize=1065 ok=1
Cmd: compileSnippet
  api=4 type=0 insize=2014 outsize=1835 kw=LIGHTMAP_ON ok=1
Cmd: compileSnippet
  api=4 type=1 insize=2014 outsize=1160 kw=LIGHTMAP_ON ok=1
Cmd: preprocess
  insize=3694 outsize=1841 ok=1
Cmd: compileSnippet
  api=4 type=0 insize=2157 outsize=1680 kw=LIGHTMAP_ON ok=1
Cmd: compileSnippet
  api=4 type=1 insize=2157 outsize=1615 kw=LIGHTMAP_ON ok=1
Cmd: preprocess
  insize=3259 outsize=1488 ok=1
Cmd: compileSnippet
  api=4 type=0 insize=2075 outsize=1680 kw=LIGHTMAP_ON ok=1
Cmd: compileSnippet
  api=4 type=1 insize=2075 outsize=1550 kw=LIGHTMAP_ON ok=1
Cmd: preprocess
  insize=4410 outsize=2233 ok=1
Cmd: compileSnippet
  api=4 type=0 insize=2480 outsize=6921 kw= ok=1
Cmd: compileSnippet
  api=4 type=1 insize=2480 outsize=998 kw= ok=1
Cmd: preprocess
  insize=1903 outsize=1122 ok=1
Cmd: compileSnippet
  api=4 type=0 insize=1083 outsize=1103 kw= ok=1
Cmd: compileSnippet
  api=4 type=1 insize=1083 outsize=510 kw= ok=1
Cmd: preprocess
  insize=521 outsize=521 ok=1
Cmd: preprocess
  insize=1989 outsize=486 ok=1
Cmd: compileSnippet
  api=4 type=0 insize=1805 outsize=1128 kw= ok=1
Cmd: compileSnippet
  api=4 type=1 insize=1805 outsize=1688 kw= ok=1
Cmd: preprocess
  insize=4145 outsize=939 ok=1
Cmd: compileSnippet
  api=4 type=0 insize=2594 outsize=1916 kw= ok=1
Cmd: compileSnippet
  api=4 type=1 insize=2594 outsize=713 kw= ok=1
Cmd: compileSnippet
  api=4 type=0 insize=1708 outsize=2761 kw= ok=1
Cmd: compileSnippet
  api=4 type=1 insize=1708 outsize=900 kw= ok=1
Cmd: preprocess
  insize=1011 outsize=1527 ok=1
Cmd: compileSnippet
  api=4 type=0 insize=4646 outsize=2607 kw=DIRECTIONAL SHADOWS_OFF LIGHTMAP_OFF DIRLIGHTMAP_OFF ok=1
Cmd: compileSnippet
  api=4 type=1 insize=4646 outsize=1753 kw=DIRECTIONAL SHADOWS_OFF LIGHTMAP_OFF DIRLIGHTMAP_OFF ok=1
Cmd: compileSnippet
  api=4 type=0 insize=2586 outsize=2875 kw=POINT ok=1
Cmd: compileSnippet
  api=4 type=1 insize=2586 outsize=1786 kw=POINT ok=1
Cmd: compileSnippet
  api=4 type=0 insize=2245 outsize=1697 kw= ok=1
Cmd: compileSnippet
  api=4 type=1 insize=2245 outsize=1063 kw= ok=1
Cmd: compileSnippet
  api=4 type=0 insize=4346 outsize=2883 kw=LIGHTMAP_OFF DIRLIGHTMAP_OFF HDR_LIGHT_PREPASS_OFF ok=1
Cmd: compileSnippet
  api=4 type=1 insize=4346 outsize=1656 kw=LIGHTMAP_OFF DIRLIGHTMAP_OFF HDR_LIGHT_PREPASS_OFF ok=1
Cmd: preprocess
  insize=2330 outsize=479 ok=1
Cmd: compileSnippet
  api=4 type=0 insize=2154 outsize=2078 kw= ok=1
Cmd: compileSnippet
  api=4 type=1 insize=2154 outsize=1632 kw= ok=1
Cmd: preprocess
  insize=1291 outsize=412 ok=1
Cmd: compileSnippet
  api=4 type=0 insize=1184 outsize=1339 kw= ok=1
Cmd: compileSnippet
  api=4 type=1 insize=1184 outsize=1526 kw= ok=1
Cmd: preprocess
  insize=2411 outsize=2259 ok=1
Cmd: compileSnippet
  api=4 type=0 insize=6405 outsize=4232 kw=DIRECTIONAL SHADOWS_OFF LIGHTMAP_OFF DIRLIGHTMAP_OFF ok=1
Cmd: compileSnippet
  api=4 type=1 insize=6405 outsize=4630 kw=DIRECTIONAL SHADOWS_OFF LIGHTMAP_OFF DIRLIGHTMAP_OFF ok=1
Cmd: compileSnippet
  api=4 type=0 insize=4000 outsize=3882 kw=POINT ok=1
Cmd: compileSnippet
  api=4 type=1 insize=4000 outsize=4914 kw=POINT ok=1
Cmd: compileSnippet
  api=4 type=0 insize=3917 outsize=3167 kw= ok=1
Cmd: compileSnippet
  api=4 type=1 insize=3917 outsize=2867 kw= ok=1
Cmd: compileSnippet
  api=4 type=0 insize=5843 outsize=3135 kw=LIGHTMAP_OFF DIRLIGHTMAP_OFF HDR_LIGHT_PREPASS_OFF ok=1
Cmd: compileSnippet
  api=4 type=1 insize=5843 outsize=2964 kw=LIGHTMAP_OFF DIRLIGHTMAP_OFF HDR_LIGHT_PREPASS_OFF ok=1
Cmd: compileSnippet
  api=4 type=0 insize=3103 outsize=1648 kw=SHADOWS_DEPTH ok=1
Cmd: compileSnippet
  api=4 type=1 insize=3103 outsize=1258 kw=SHADOWS_DEPTH ok=1
Cmd: preprocess
  insize=619 outsize=1362 ok=1
Cmd: compileSnippet
  api=4 type=0 insize=4319 outsize=2607 kw=DIRECTIONAL SHADOWS_OFF LIGHTMAP_OFF DIRLIGHTMAP_OFF ok=1
Cmd: compileSnippet
  api=4 type=1 insize=4319 outsize=1307 kw=DIRECTIONAL SHADOWS_OFF LIGHTMAP_OFF DIRLIGHTMAP_OFF ok=1
Cmd: compileSnippet
  api=4 type=0 insize=2307 outsize=2875 kw=POINT SHADOWS_OFF ok=1
Cmd: compileSnippet
  api=4 type=1 insize=2307 outsize=1607 kw=POINT SHADOWS_OFF ok=1
Cmd: compileSnippet
  api=4 type=0 insize=1791 outsize=1477 kw= ok=1
Cmd: compileSnippet
  api=4 type=1 insize=1791 outsize=632 kw= ok=1
Cmd: compileSnippet
  api=4 type=0 insize=4004 outsize=2883 kw=LIGHTMAP_OFF DIRLIGHTMAP_OFF HDR_LIGHT_PREPASS_OFF ok=1
Cmd: compileSnippet
  api=4 type=1 insize=4004 outsize=1250 kw=LIGHTMAP_OFF DIRLIGHTMAP_OFF HDR_LIGHT_PREPASS_OFF ok=1
Cmd: preprocess
  insize=3562 outsize=712 ok=1
Cmd: compileSnippet
  api=4 type=0 insize=3086 outsize=990 kw= ok=1
Cmd: compileSnippet
  api=4 type=1 insize=3086 outsize=1339 kw= ok=1
Cmd: compileSnippet
  api=4 type=0 insize=3085 outsize=990 kw= ok=1
Cmd: compileSnippet
  api=4 type=1 insize=3085 outsize=1209 kw= ok=1
Cmd: compileSnippet
  api=4 type=0 insize=3130 outsize=990 kw= ok=1
Cmd: compileSnippet
  api=4 type=1 insize=3130 outsize=2623 kw= ok=1
Cmd: preprocess
  insize=2071 outsize=1309 ok=1
Cmd: compileSnippet
  api=4 type=0 insize=1098 outsize=4508 kw=SHADOWS_SCREEN LIGHTMAP_ON ok=1
Cmd: compileSnippet
  api=4 type=1 insize=1098 outsize=1542 kw=SHADOWS_SCREEN LIGHTMAP_ON ok=1
Cmd: preprocess
  insize=2068 outsize=1318 ok=1
Cmd: compileSnippet
  api=4 type=0 insize=1086 outsize=4118 kw=SHADOWS_SCREEN LIGHTMAP_ON ok=1
Cmd: compileSnippet
  api=4 type=1 insize=1086 outsize=1583 kw=SHADOWS_SCREEN LIGHTMAP_ON ok=1
Cmd: preprocess
  insize=3528 outsize=1198 ok=1
Cmd: compileSnippet
  api=4 type=0 insize=2634 outsize=3313 kw=LIGHTMAP_ON ok=1
Cmd: compileSnippet
  api=4 type=1 insize=2634 outsize=1355 kw=LIGHTMAP_ON ok=1
Cmd: preprocess
  insize=2245 outsize=1032 ok=1
Cmd: compileSnippet
  api=4 type=0 insize=1515 outsize=1274 kw=SOFTPARTICLES_OFF ok=1
Cmd: compileSnippet
  api=4 type=1 insize=1515 outsize=908 kw=SOFTPARTICLES_OFF ok=1
Cmd: preprocess
  insize=1964 outsize=478 ok=1
Cmd: compileSnippet
  api=4 type=0 insize=1788 outsize=1697 kw= ok=1
Cmd: compileSnippet
  api=4 type=1 insize=1788 outsize=1290 kw= ok=1
Cmd: preprocess
  insize=519 outsize=1267 ok=1
Cmd: preprocess
  insize=2554 outsize=1177 ok=1
Cmd: compileSnippet
  api=4 type=0 insize=1680 outsize=1542 kw= ok=1
Cmd: compileSnippet
  api=4 type=1 insize=1680 outsize=1014 kw= ok=1
Cmd: preprocess
  insize=2172 outsize=1386 ok=1
Cmd: compileSnippet
  api=4 type=0 insize=1122 outsize=4183 kw=SHADOWS_SCREEN LIGHTMAP_ON ok=1
Cmd: compileSnippet
  api=4 type=1 insize=1122 outsize=1542 kw=SHADOWS_SCREEN LIGHTMAP_ON ok=1
Cmd: preprocess
  insize=1894 outsize=948 ok=1
Cmd: compileSnippet
  api=4 type=0 insize=1248 outsize=1071 kw= ok=1
Cmd: compileSnippet
  api=4 type=1 insize=1248 outsize=453 kw= ok=1
Cmd: preprocess
  insize=1183 outsize=296 ok=1
Cmd: compileSnippet
  api=4 type=0 insize=1189 outsize=1558 kw= ok=1
Cmd: compileSnippet
  api=4 type=1 insize=1189 outsize=1372 kw= ok=1
Cmd: preprocess
  insize=638 outsize=250 ok=1
Cmd: compileSnippet
  api=4 type=0 insize=687 outsize=1697 kw= ok=1
Cmd: compileSnippet
  api=4 type=1 insize=687 outsize=965 kw= ok=1
Cmd: preprocess
  insize=1235 outsize=409 ok=1
Cmd: compileSnippet
  api=4 type=0 insize=1131 outsize=990 kw= ok=1
Cmd: compileSnippet
  api=4 type=1 insize=1131 outsize=1615 kw= ok=1
Cmd: preprocess
  error: 2 plat 12 at (40): Can't find include file frag_ao.cginc
  error: 2 plat 12 at (43): Can't find include file frag_ao.cginc
  error: 2 plat 12 at (46): Can't find include file frag_ao.cginc
  error: 2 plat 12 at (49): Can't find include file frag_ao.cginc
  error: 2 plat 12 at (53): Can't find include file frag_ao.cginc
  insize=6551 outsize=797 ok=0
Cmd: preprocess
  insize=2485 outsize=941 ok=1
Cmd: compileSnippet
  api=4 type=0 insize=1847 outsize=1680 kw=LIGHTMAP_ON ok=1
Cmd: compileSnippet
  api=4 type=1 insize=1847 outsize=1030 kw=LIGHTMAP_ON ok=1
Cmd: preprocess
  insize=1173 outsize=314 ok=1
Cmd: compileSnippet
  api=4 type=0 insize=1164 outsize=1737 kw= ok=1
Cmd: compileSnippet
  api=4 type=1 insize=1164 outsize=1396 kw= ok=1
Cmd: preprocess
  insize=2344 outsize=1515 ok=1
Cmd: compileSnippet
  api=4 type=0 insize=1164 outsize=4256 kw=SHADOWS_SCREEN LIGHTMAP_ON ok=1
Cmd: compileSnippet
  api=4 type=1 insize=1164 outsize=1713 kw=SHADOWS_SCREEN LIGHTMAP_ON ok=1
Cmd: preprocess
  insize=2235 outsize=1015 ok=1
Cmd: compileSnippet
  api=4 type=0 insize=1522 outsize=1997 kw= ok=1
Cmd: compileSnippet
  api=4 type=1 insize=1522 outsize=616 kw= ok=1
Cmd: preprocess
  insize=800 outsize=800 ok=1
Cmd: preprocess
  insize=2677 outsize=1677 ok=1
Cmd: compileSnippet
  api=4 type=0 insize=1336 outsize=4622 kw=SHADOWS_SCREEN LIGHTMAP_ON ok=1
Cmd: compileSnippet
  api=4 type=1 insize=1336 outsize=1810 kw=SHADOWS_SCREEN LIGHTMAP_ON ok=1
Cmd: preprocess
  insize=2957 outsize=966 ok=1
Cmd: compileSnippet
  api=4 type=0 insize=2294 outsize=3086 kw=LIGHTMAP_ON ok=1
Cmd: compileSnippet
  api=4 type=1 insize=2294 outsize=1030 kw=LIGHTMAP_ON ok=1
Cmd: preprocess
  insize=2946 outsize=1276 ok=1
Cmd: compileSnippet
  api=4 type=0 insize=1973 outsize=1680 kw=LIGHTMAP_ON ok=1
Cmd: compileSnippet
  api=4 type=1 insize=1973 outsize=1372 kw=LIGHTMAP_ON ok=1
Cmd: preprocess
  insize=1711 outsize=531 ok=1
Cmd: compileSnippet
  api=4 type=0 insize=1481 outsize=1274 kw=SOFTPARTICLES_OFF ok=1
Cmd: compileSnippet
  api=4 type=1 insize=1481 outsize=908 kw=SOFTPARTICLES_OFF ok=1
Cmd: preprocess
  insize=1771 outsize=790 ok=1
Cmd: compileSnippet
  api=4 type=0 insize=1283 outsize=1510 kw= ok=1
Cmd: compileSnippet
  api=4 type=1 insize=1283 outsize=673 kw= ok=1
Cmd: preprocess
  insize=2200 outsize=862 ok=1
Cmd: compileSnippet
  api=4 type=0 insize=1640 outsize=1290 kw=LIGHTMAP_ON ok=1
Cmd: compileSnippet
  api=4 type=1 insize=1640 outsize=900 kw=LIGHTMAP_ON ok=1
Cmd: preprocess
  insize=2636 outsize=774 ok=1
Cmd: compileSnippet
  api=4 type=0 insize=1965 outsize=1339 kw= ok=1
Cmd: compileSnippet
  api=4 type=1 insize=1965 outsize=1201 kw= ok=1
Cmd: compileSnippet
  api=4 type=0 insize=1963 outsize=1339 kw= ok=1
Cmd: compileSnippet
  api=4 type=1 insize=1963 outsize=933 kw= ok=1
Cmd: compileSnippet
  api=4 type=0 insize=1976 outsize=1640 kw= ok=1
Cmd: compileSnippet
  api=4 type=1 insize=1976 outsize=1307 kw= ok=1
Cmd: compileSnippet
  api=4 type=0 insize=1974 outsize=1339 kw= ok=1
Cmd: compileSnippet
  api=4 type=1 insize=1974 outsize=852 kw= ok=1
Cmd: preprocess
  insize=2963 outsize=1104 ok=1
Cmd: compileSnippet
  api=4 type=0 insize=2163 outsize=1916 kw=LIGHTMAP_ON ok=1
Cmd: compileSnippet
  api=4 type=1 insize=2163 outsize=1315 kw=LIGHTMAP_ON ok=1
Cmd: preprocess
  insize=968 outsize=305 ok=1
Cmd: compileSnippet
  api=4 type=0 insize=968 outsize=990 kw= ok=1
Cmd: compileSnippet
  api=4 type=1 insize=968 outsize=990 kw= ok=1
Cmd: preprocess
  insize=2410 outsize=2237 ok=1
Cmd: compileSnippet
  api=4 type=0 insize=6266 outsize=3094 kw=DIRECTIONAL SHADOWS_OFF LIGHTMAP_OFF DIRLIGHTMAP_OFF ok=1
Cmd: compileSnippet
  api=4 type=1 insize=6266 outsize=2907 kw=DIRECTIONAL SHADOWS_OFF LIGHTMAP_OFF DIRLIGHTMAP_OFF ok=1
Cmd: compileSnippet
  api=4 type=0 insize=3826 outsize=3053 kw=POINT ok=1
Cmd: compileSnippet
  api=4 type=1 insize=3826 outsize=3240 kw=POINT ok=1
Cmd: compileSnippet
  api=4 type=0 insize=3306 outsize=1697 kw= ok=1
Cmd: compileSnippet
  api=4 type=1 insize=3306 outsize=1225 kw= ok=1
Cmd: compileSnippet
  api=4 type=0 insize=5639 outsize=2883 kw=LIGHTMAP_OFF DIRLIGHTMAP_OFF HDR_LIGHT_PREPASS_OFF ok=1
Cmd: compileSnippet
  api=4 type=1 insize=5639 outsize=2802 kw=LIGHTMAP_OFF DIRLIGHTMAP_OFF HDR_LIGHT_PREPASS_OFF ok=1
Cmd: compileSnippet
  api=4 type=0 insize=3119 outsize=1648 kw=SHADOWS_DEPTH ok=1
Cmd: compileSnippet
  api=4 type=1 insize=3119 outsize=1055 kw=SHADOWS_DEPTH ok=1
Cmd: preprocess
  insize=971 outsize=1152 ok=1
Cmd: compileSnippet
  api=4 type=0 insize=4543 outsize=2875 kw=DIRECTIONAL LIGHTMAP_OFF DIRLIGHTMAP_OFF ok=1
Cmd: compileSnippet
  api=4 type=1 insize=4543 outsize=1412 kw=DIRECTIONAL LIGHTMAP_OFF DIRLIGHTMAP_OFF ok=1
Cmd: compileSnippet
  api=4 type=0 insize=2509 outsize=2867 kw=POINT ok=1
Cmd: compileSnippet
  api=4 type=1 insize=2509 outsize=1242 kw=POINT ok=1
Cmd: preprocess
  insize=1377 outsize=384 ok=1
Cmd: compileSnippet
  api=4 type=0 insize=1295 outsize=1632 kw= ok=1
Cmd: compileSnippet
  api=4 type=1 insize=1295 outsize=1437 kw= ok=1
Cmd: preprocess
  insize=1420 outsize=347 ok=1
Cmd: compileSnippet
  api=4 type=0 insize=1379 outsize=1688 kw= ok=1
Cmd: compileSnippet
  api=4 type=1 insize=1379 outsize=965 kw= ok=1
Cmd: preprocess
  insize=1709 outsize=728 ok=1
Cmd: compileSnippet
  api=4 type=0 insize=1287 outsize=1827 kw= ok=1
Cmd: compileSnippet
  api=4 type=1 insize=1287 outsize=1355 kw= ok=1
Cmd: preprocess
  insize=2941 outsize=1300 ok=1
Cmd: compileSnippet
  api=4 type=0 insize=1945 outsize=1680 kw=LIGHTMAP_ON ok=1
Cmd: compileSnippet
  api=4 type=1 insize=1945 outsize=1144 kw=LIGHTMAP_ON ok=1
Cmd: preprocess
  insize=2032 outsize=1326 ok=1
Cmd: compileSnippet
  api=4 type=0 insize=1042 outsize=5418 kw=SHADOWS_SCREEN ok=1
Cmd: compileSnippet
  api=4 type=1 insize=1042 outsize=1558 kw=SHADOWS_SCREEN ok=1
Cmd: preprocess
  insize=1164 outsize=1164 ok=1
Cmd: preprocess
  insize=2760 outsize=988 ok=1
Cmd: compileSnippet
  api=4 type=0 insize=2074 outsize=3492 kw= ok=1
Cmd: compileSnippet
  api=4 type=1 insize=2074 outsize=616 kw= ok=1
Cmd: preprocess
  insize=2021 outsize=1279 ok=1
Cmd: compileSnippet
  api=4 type=0 insize=1078 outsize=4045 kw=SHADOWS_SCREEN LIGHTMAP_ON ok=1
Cmd: compileSnippet
  api=4 type=1 insize=1078 outsize=1412 kw=SHADOWS_SCREEN LIGHTMAP_ON ok=1
Cmd: preprocess
  insize=1403 outsize=346 ok=1
Cmd: compileSnippet
  api=4 type=0 insize=1359 outsize=1485 kw= ok=1
Cmd: compileSnippet
  api=4 type=1 insize=1359 outsize=1502 kw= ok=1
Cmd: preprocess
  insize=1214 outsize=1214 ok=1
Cmd: preprocess
  insize=2737 outsize=1151 ok=1
Cmd: compileSnippet
  api=4 type=0 insize=1887 outsize=1794 kw= ok=1
Cmd: compileSnippet
  api=4 type=1 insize=1887 outsize=1550 kw= ok=1
Cmd: preprocess
  insize=2843 outsize=1004 ok=1
Cmd: compileSnippet
  api=4 type=0 insize=2143 outsize=1883 kw=LIGHTMAP_ON ok=1
Cmd: compileSnippet
  api=4 type=1 insize=2143 outsize=1372 kw=LIGHTMAP_ON ok=1
Cmd: preprocess
  insize=2211 outsize=1022 ok=1
Cmd: compileSnippet
  api=4 type=0 insize=1490 outsize=1396 kw= ok=1
Cmd: compileSnippet
  api=4 type=1 insize=1490 outsize=616 kw= ok=1
Cmd: preprocess
  insize=2810 outsize=895 ok=1
Cmd: compileSnippet
  api=4 type=0 insize=2219 outsize=2078 kw= ok=1
Cmd: compileSnippet
  api=4 type=1 insize=2219 outsize=1591 kw= ok=1
Cmd: preprocess
  insize=2501 outsize=1539 ok=1
Cmd: compileSnippet
  api=4 type=0 insize=1298 outsize=4045 kw=SHADOWS_SCREEN LIGHTMAP_ON ok=1
Cmd: compileSnippet
  api=4 type=1 insize=1298 outsize=1623 kw=SHADOWS_SCREEN LIGHTMAP_ON ok=1
Cmd: preprocess
  insize=976 outsize=976 ok=1
Cmd: preprocess
  insize=2882 outsize=1228 ok=1
Cmd: compileSnippet
  api=4 type=0 insize=1958 outsize=1680 kw=LIGHTMAP_ON ok=1
Cmd: compileSnippet
  api=4 type=1 insize=1958 outsize=1388 kw=LIGHTMAP_ON ok=1
Cmd: preprocess
  insize=1268 outsize=329 ok=1
Cmd: compileSnippet
  api=4 type=0 insize=1244 outsize=1298 kw= ok=1
Cmd: compileSnippet
  api=4 type=1 insize=1244 outsize=1428 kw= ok=1
Cmd: preprocess
  insize=2306 outsize=644 ok=1
Cmd: compileSnippet
  api=4 type=0 insize=1968 outsize=1428 kw= ok=1
Cmd: compileSnippet
  api=4 type=1 insize=1968 outsize=2867 kw= ok=1
Cmd: preprocess
  insize=1862 outsize=984 ok=1
Cmd: compileSnippet
  api=4 type=0 insize=730 outsize=2192 kw=POINT SHADOWS_OFF SUNSHINE_DISABLED ok=1
Cmd: compileSnippet
  api=4 type=1 insize=730 outsize=4150 kw=POINT SHADOWS_OFF SUNSHINE_DISABLED ok=1
Cmd: compileSnippet
  api=4 type=0 insize=723 outsize=2192 kw=POINT SHADOWS_OFF SUNSHINE_DISABLED ok=1
Cmd: compileSnippet
  api=4 type=1 insize=723 outsize=4102 kw=POINT SHADOWS_OFF SUNSHINE_DISABLED ok=1
Cmd: compileSnippet
  api=4 type=0 insize=728 outsize=2192 kw=POINT SHADOWS_OFF SUNSHINE_DISABLED ok=1
Cmd: compileSnippet
  api=4 type=1 insize=728 outsize=4102 kw=POINT SHADOWS_OFF SUNSHINE_DISABLED ok=1
Cmd: preprocess
  insize=965 outsize=271 ok=1
Cmd: compileSnippet
  api=4 type=0 insize=994 outsize=1055 kw= ok=1
Cmd: compileSnippet
  api=4 type=1 insize=994 outsize=1217 kw= ok=1
Cmd: preprocess
  insize=1131 outsize=1131 ok=1
Cmd: preprocess
  insize=2000 outsize=990 ok=1
Cmd: compileSnippet
  api=4 type=0 insize=1312 outsize=1445 kw= ok=1
Cmd: compileSnippet
  api=4 type=1 insize=1312 outsize=600 kw= ok=1
Cmd: preprocess
  insize=1831 outsize=1114 ok=1
Cmd: compileSnippet
  api=4 type=0 insize=1018 outsize=860 kw= ok=1
Cmd: compileSnippet
  api=4 type=1 insize=1018 outsize=453 kw= ok=1
Cmd: preprocess
  insize=2443 outsize=893 ok=1
Cmd: compileSnippet
  api=4 type=0 insize=1852 outsize=1697 kw= ok=1
Cmd: compileSnippet
  api=4 type=1 insize=1852 outsize=1250 kw= ok=1
Cmd: preprocess
  insize=3597 outsize=1694 ok=1
Cmd: compileSnippet
  api=4 type=0 insize=1272 outsize=4045 kw=SHADOWS_SCREEN LIGHTMAP_ON ok=1
Cmd: compileSnippet
  api=4 type=1 insize=1272 outsize=1526 kw=SHADOWS_SCREEN LIGHTMAP_ON ok=1
Cmd: compileSnippet
  api=4 type=0 insize=1305 outsize=4069 kw=SHADOWS_SCREEN LIGHTMAP_ON ok=1
Cmd: compileSnippet
  api=4 type=1 insize=1305 outsize=1526 kw=SHADOWS_SCREEN LIGHTMAP_ON ok=1
Cmd: preprocess
  insize=519 outsize=1267 ok=1
Cmd: preprocess
  insize=1047 outsize=1379 ok=1
Cmd: compileSnippet
  api=4 type=0 insize=5066 outsize=3395 kw=DIRECTIONAL SHADOWS_OFF LIGHTMAP_OFF DIRLIGHTMAP_OFF ok=1
Cmd: compileSnippet
  api=4 type=1 insize=5066 outsize=2119 kw=DIRECTIONAL SHADOWS_OFF LIGHTMAP_OFF DIRLIGHTMAP_OFF ok=1
Cmd: compileSnippet
  api=4 type=0 insize=2673 outsize=2875 kw=POINT ok=1
Cmd: compileSnippet
  api=4 type=1 insize=2673 outsize=1607 kw=POINT ok=1
Cmd: compileSnippet
  api=4 type=0 insize=2201 outsize=1477 kw= ok=1
Cmd: compileSnippet
  api=4 type=1 insize=2201 outsize=632 kw= ok=1
Cmd: compileSnippet
  api=4 type=0 insize=4671 outsize=3866 kw=LIGHTMAP_OFF DIRLIGHTMAP_OFF HDR_LIGHT_PREPASS_OFF ok=1
Cmd: compileSnippet
  api=4 type=1 insize=4671 outsize=2022 kw=LIGHTMAP_OFF DIRLIGHTMAP_OFF HDR_LIGHT_PREPASS_OFF ok=1
Cmd: preprocess
  insize=2124 outsize=867 ok=1
Cmd: compileSnippet
  api=4 type=0 insize=1558 outsize=1461 kw= ok=1
Cmd: compileSnippet
  api=4 type=1 insize=1558 outsize=1648 kw= ok=1
Cmd: preprocess
  insize=790 outsize=320 ok=1
Cmd: compileSnippet
  api=4 type=0 insize=772 outsize=1128 kw= ok=1
Cmd: compileSnippet
  api=4 type=1 insize=772 outsize=1103 kw= ok=1
Cmd: preprocess
  insize=6471 outsize=998 ok=1
Cmd: compileSnippet
  api=4 type=0 insize=5451 outsize=1298 kw= ok=1
Cmd: compileSnippet
  api=4 type=1 insize=5451 outsize=876 kw= ok=1
Cmd: compileSnippet
  api=4 type=0 insize=5459 outsize=1583 kw= ok=1
Cmd: compileSnippet
  api=4 type=1 insize=5459 outsize=1518 kw= ok=1
Cmd: compileSnippet
  api=4 type=0 insize=5463 outsize=1396 kw= ok=1
Cmd: compileSnippet
  api=4 type=1 insize=5463 outsize=1518 kw= ok=1
Cmd: compileSnippet
  api=4 type=0 insize=5464 outsize=1396 kw= ok=1
Cmd: compileSnippet
  api=4 type=1 insize=5464 outsize=1518 kw= ok=1
Cmd: compileSnippet
  api=4 type=0 insize=5468 outsize=1753 kw= ok=1
Cmd: compileSnippet
  api=4 type=1 insize=5468 outsize=1786 kw= ok=1
Cmd: compileSnippet
  api=4 type=0 insize=5470 outsize=1753 kw= ok=1
Cmd: compileSnippet
  api=4 type=1 insize=5470 outsize=1786 kw= ok=1
Cmd: preprocess
  insize=2144 outsize=1444 ok=1
Cmd: compileSnippet
  api=4 type=0 insize=1036 outsize=3972 kw=SHADOWS_SCREEN ok=1
Cmd: compileSnippet
  api=4 type=1 insize=1036 outsize=1258 kw=SHADOWS_SCREEN ok=1
Cmd: preprocess
  insize=1853 outsize=991 ok=1
Cmd: compileSnippet
  api=4 type=0 insize=1164 outsize=1477 kw=SOFTPARTICLES_OFF ok=1
Cmd: compileSnippet
  api=4 type=1 insize=1164 outsize=957 kw=SOFTPARTICLES_OFF ok=1
Cmd: preprocess
  insize=3409 outsize=1046 ok=1
Cmd: compileSnippet
  api=4 type=0 insize=2667 outsize=3273 kw=LIGHTMAP_ON ok=1
Cmd: compileSnippet
  api=4 type=1 insize=2667 outsize=1372 kw=LIGHTMAP_ON ok=1
Cmd: preprocess
  insize=2737 outsize=1151 ok=1
Cmd: preprocess
  insize=32636 outsize=273 ok=1
Cmd: compileSnippet
  api=4 type=0 insize=32665 outsize=990 kw= ok=1
Cmd: compileSnippet
  api=4 type=1 insize=32665 outsize=10748 kw= ok=1
Cmd: preprocess
  insize=1216 outsize=260 ok=1
Cmd: compileSnippet
  api=4 type=0 insize=1258 outsize=1258 kw= ok=1
Cmd: compileSnippet
  api=4 type=1 insize=1258 outsize=1437 kw= ok=1
Cmd: preprocess
  insize=3601 outsize=705 ok=1
Cmd: preprocess
  insize=2188 outsize=1210 ok=1
Cmd: compileSnippet
  api=4 type=0 insize=1314 outsize=5231 kw=SHADOWS_SCREEN LIGHTMAP_ON ok=1
Cmd: compileSnippet
  api=4 type=1 insize=1314 outsize=1485 kw=SHADOWS_SCREEN LIGHTMAP_ON ok=1
Cmd: preprocess
  insize=2219 outsize=1374 ok=1
Cmd: compileSnippet
  api=4 type=0 insize=1181 outsize=4045 kw=SHADOWS_SCREEN LIGHTMAP_ON ok=1
Cmd: compileSnippet
  api=4 type=1 insize=1181 outsize=1412 kw=SHADOWS_SCREEN LIGHTMAP_ON ok=1
Cmd: preprocess
  insize=1113 outsize=1113 ok=1
Cmd: preprocess
  insize=2427 outsize=1509 ok=1
Cmd: compileSnippet
  api=4 type=0 insize=1253 outsize=4240 kw=SHADOWS_SCREEN LIGHTMAP_ON ok=1
Cmd: compileSnippet
  api=4 type=1 insize=1253 outsize=1883 kw=SHADOWS_SCREEN LIGHTMAP_ON ok=1
Cmd: preprocess
  insize=2699 outsize=1066 ok=1
Cmd: compileSnippet
  api=4 type=0 insize=1936 outsize=1534 kw=LIGHTMAP_ON ok=1
Cmd: compileSnippet
  api=4 type=1 insize=1936 outsize=1355 kw=LIGHTMAP_ON ok=1
Cmd: preprocess
  insize=1973 outsize=965 ok=1
Cmd: compileSnippet
  api=4 type=0 insize=1310 outsize=1445 kw= ok=1
Cmd: compileSnippet
  api=4 type=1 insize=1310 outsize=600 kw= ok=1
Cmd: preprocess
  insize=1000 outsize=249 ok=1
Cmd: compileSnippet
  api=4 type=0 insize=1053 outsize=1534 kw= ok=1
Cmd: compileSnippet
  api=4 type=1 insize=1053 outsize=1144 kw= ok=1
Cmd: preprocess
  insize=519 outsize=1267 ok=1
Cmd: preprocess
  insize=1452 outsize=830 ok=1
Cmd: compileSnippet
  api=4 type=0 insize=924 outsize=1193 kw= ok=1
Cmd: compileSnippet
  api=4 type=1 insize=924 outsize=795 kw= ok=1
Cmd: preprocess
  insize=5357 outsize=1803 ok=1
Cmd: compileSnippet
  api=4 type=0 insize=3203 outsize=1339 kw= ok=1
Cmd: compileSnippet
  api=4 type=1 insize=3203 outsize=1160 kw= ok=1
Cmd: compileSnippet
  api=4 type=0 insize=3201 outsize=1339 kw= ok=1
Cmd: compileSnippet
  api=4 type=1 insize=3201 outsize=933 kw= ok=1
Cmd: compileSnippet
  api=4 type=0 insize=3217 outsize=1753 kw= ok=1
Cmd: compileSnippet
  api=4 type=1 insize=3217 outsize=1428 kw= ok=1
Cmd: compileSnippet
  api=4 type=0 insize=3209 outsize=1339 kw= ok=1
Cmd: compileSnippet
  api=4 type=1 insize=3209 outsize=852 kw= ok=1
Cmd: compileSnippet
  api=4 type=0 insize=3209 outsize=1339 kw= ok=1
Cmd: compileSnippet
  api=4 type=1 insize=3209 outsize=1160 kw= ok=1
Cmd: compileSnippet
  api=4 type=0 insize=3206 outsize=1339 kw= ok=1
Cmd: compileSnippet
  api=4 type=1 insize=3206 outsize=933 kw= ok=1
Cmd: compileSnippet
  api=4 type=0 insize=3218 outsize=1753 kw= ok=1
Cmd: compileSnippet
  api=4 type=1 insize=3218 outsize=1355 kw= ok=1
Cmd: compileSnippet
  api=4 type=0 insize=3211 outsize=1339 kw= ok=1
Cmd: compileSnippet
  api=4 type=1 insize=3211 outsize=770 kw= ok=1
Cmd: compileSnippet
  api=4 type=0 insize=3204 outsize=1339 kw= ok=1
Cmd: compileSnippet
  api=4 type=1 insize=3204 outsize=559 kw= ok=1
Cmd: compileSnippet
  api=4 type=0 insize=3208 outsize=1339 kw= ok=1
Cmd: compileSnippet
  api=4 type=1 insize=3208 outsize=762 kw= ok=1
Cmd: compileSnippet
  api=4 type=0 insize=3203 outsize=1339 kw= ok=1
Cmd: compileSnippet
  api=4 type=1 insize=3203 outsize=648 kw= ok=1
Cmd: preprocess
  insize=3124 outsize=1552 ok=1
Cmd: compileSnippet
  api=4 type=0 insize=1876 outsize=2964 kw= ok=1
Cmd: compileSnippet
  api=4 type=1 insize=1876 outsize=559 kw= ok=1
Cmd: preprocess
  insize=1387 outsize=1387 ok=1
Cmd: preprocess
  insize=2684 outsize=850 ok=1
Cmd: compileSnippet
  api=4 type=0 insize=2137 outsize=2078 kw= ok=1
Cmd: compileSnippet
  api=4 type=1 insize=2137 outsize=1632 kw= ok=1
Cmd: preprocess
  insize=1739 outsize=548 ok=1
Cmd: compileSnippet
  api=4 type=0 insize=1493 outsize=1274 kw=SOFTPARTICLES_OFF ok=1
Cmd: compileSnippet
  api=4 type=1 insize=1493 outsize=908 kw=SOFTPARTICLES_OFF ok=1
Cmd: preprocess
  insize=2025 outsize=948 ok=1
Cmd: compileSnippet
  api=4 type=0 insize=1379 outsize=1916 kw= ok=1
Cmd: compileSnippet
  api=4 type=1 insize=1379 outsize=453 kw= ok=1
Cmd: preprocess
  insize=2331 outsize=1168 ok=1
Cmd: compileSnippet
  api=4 type=0 insize=1464 outsize=1664 kw= ok=1
Cmd: compileSnippet
  api=4 type=1 insize=1464 outsize=746 kw= ok=1
Cmd: preprocess
  insize=2260 outsize=1093 ok=1
Cmd: compileSnippet
  api=4 type=0 insize=1469 outsize=1664 kw= ok=1
Cmd: compileSnippet
  api=4 type=1 insize=1469 outsize=787 kw= ok=1
Cmd: preprocess
  insize=2314 outsize=1333 ok=1
Cmd: compileSnippet
  api=4 type=0 insize=1317 outsize=5653 kw=SHADOWS_SCREEN LIGHTMAP_ON ok=1
Cmd: compileSnippet
  api=4 type=1 insize=1317 outsize=1737 kw=SHADOWS_SCREEN LIGHTMAP_ON ok=1
Cmd: preprocess
  insize=11420 outsize=1922 ok=1
Cmd: compileSnippet
  api=4 type=0 insize=8894 outsize=990 kw= ok=1
Cmd: compileSnippet
  api=4 type=1 insize=8894 outsize=2152 kw= ok=1
Cmd: compileSnippet
  api=4 type=0 insize=8886 outsize=990 kw= ok=1
Cmd: compileSnippet
  api=4 type=1 insize=8886 outsize=843 kw= ok=1
Cmd: compileSnippet
  api=4 type=0 insize=8894 outsize=990 kw= ok=1
Cmd: compileSnippet
  api=4 type=1 insize=8894 outsize=2460 kw= ok=1
Cmd: compileSnippet
  api=4 type=0 insize=8900 outsize=990 kw= ok=1
Cmd: compileSnippet
  api=4 type=1 insize=8900 outsize=3671 kw= ok=1
Cmd: compileSnippet
  api=4 type=0 insize=8910 outsize=990 kw= ok=1
Cmd: compileSnippet
  api=4 type=1 insize=8910 outsize=5970 kw= ok=1
Cmd: compileSnippet
  api=4 type=0 insize=8898 outsize=990 kw= ok=1
Cmd: compileSnippet
  api=4 type=1 insize=8898 outsize=1615 kw= ok=1
Cmd: compileSnippet
  api=4 type=0 insize=8904 outsize=990 kw= ok=1
Cmd: compileSnippet
  api=4 type=1 insize=8904 outsize=3013 kw= ok=1
Cmd: preprocess
  insize=2540 outsize=1537 ok=1
Cmd: compileSnippet
  api=4 type=0 insize=1339 outsize=4183 kw=SHADOWS_SCREEN LIGHTMAP_ON ok=1
Cmd: compileSnippet
  api=4 type=1 insize=1339 outsize=2135 kw=SHADOWS_SCREEN LIGHTMAP_ON ok=1
Cmd: preprocess
  insize=1038 outsize=358 ok=1
Cmd: compileSnippet
  api=4 type=0 insize=985 outsize=990 kw= ok=1
Cmd: compileSnippet
  api=4 type=1 insize=985 outsize=1038 kw= ok=1
Cmd: preprocess
  insize=2273 outsize=1106 ok=1
Cmd: compileSnippet
  api=4 type=0 insize=1469 outsize=1883 kw= ok=1
Cmd: compileSnippet
  api=4 type=1 insize=1469 outsize=746 kw= ok=1
Cmd: preprocess
  insize=3697 outsize=1615 ok=1
Cmd: compileSnippet
  api=4 type=0 insize=2386 outsize=2712 kw=LIGHTMAP_ON ok=1
Cmd: compileSnippet
  api=4 type=1 insize=2386 outsize=1128 kw=LIGHTMAP_ON ok=1
Cmd: preprocess
  insize=6289 outsize=753 ok=1
Cmd: compileSnippet
  api=4 type=0 insize=5326 outsize=1859 kw= ok=1
Cmd: compileSnippet
  api=4 type=1 insize=5326 outsize=4020 kw= ok=1
Cmd: compileSnippet
  api=4 type=0 insize=5335 outsize=1859 kw= ok=1
Cmd: compileSnippet
  api=4 type=1 insize=5335 outsize=3135 kw= ok=1
Cmd: compileSnippet
  api=4 type=0 insize=5329 outsize=1859 kw= ok=1
Cmd: compileSnippet
  api=4 type=1 insize=5329 outsize=3167 kw= ok=1
Cmd: compileSnippet
  api=4 type=0 insize=5340 outsize=1859 kw= ok=1
Cmd: compileSnippet
  api=4 type=1 insize=5340 outsize=2347 kw= ok=1
Cmd: compileSnippet
  api=4 type=0 insize=5335 outsize=1859 kw= ok=1
Cmd: compileSnippet
  api=4 type=1 insize=5335 outsize=1908 kw= ok=1
Cmd: preprocess
  insize=2832 outsize=783 ok=1
Cmd: compileSnippet
  api=4 type=0 insize=2099 outsize=1339 kw= ok=1
Cmd: compileSnippet
  api=4 type=1 insize=2099 outsize=933 kw= ok=1
Cmd: compileSnippet
  api=4 type=0 insize=2100 outsize=1339 kw= ok=1
Cmd: compileSnippet
  api=4 type=1 insize=2100 outsize=1160 kw= ok=1
Cmd: compileSnippet
  api=4 type=0 insize=2103 outsize=1339 kw= ok=1
Cmd: compileSnippet
  api=4 type=1 insize=2103 outsize=973 kw= ok=1
Cmd: compileSnippet
  api=4 type=0 insize=2102 outsize=1339 kw= ok=1
Cmd: compileSnippet
  api=4 type=1 insize=2102 outsize=1973 kw= ok=1
Cmd: compileSnippet
  api=4 type=0 insize=2105 outsize=1339 kw= ok=1
Cmd: compileSnippet
  api=4 type=1 insize=2105 outsize=957 kw= ok=1
Cmd: preprocess
  insize=1821 outsize=921 ok=1
Cmd: compileSnippet
  api=4 type=0 insize=1202 outsize=990 kw= ok=1
Cmd: compileSnippet
  api=4 type=1 insize=1202 outsize=965 kw= ok=1
Cmd: preprocess
  insize=2307 outsize=1497 ok=1
Cmd: compileSnippet
  api=4 type=0 insize=1146 outsize=3972 kw=SHADOWS_SCREEN ok=1
Cmd: compileSnippet
  api=4 type=1 insize=1146 outsize=1469 kw=SHADOWS_SCREEN ok=1
Cmd: preprocess
  insize=2125 outsize=693 ok=1
Cmd: compileSnippet
  api=4 type=0 insize=984 outsize=1883 kw= ok=1
Cmd: compileSnippet
  api=4 type=1 insize=984 outsize=502 kw= ok=1
Cmd: compileSnippet
  api=4 type=0 insize=984 outsize=1762 kw= ok=1
Cmd: compileSnippet
  api=4 type=1 insize=984 outsize=502 kw= ok=1
Cmd: preprocess
  insize=3806 outsize=1744 ok=1
Cmd: compileSnippet
  api=4 type=0 insize=2366 outsize=2655 kw=LIGHTMAP_ON ok=1
Cmd: compileSnippet
  api=4 type=1 insize=2366 outsize=1128 kw=LIGHTMAP_ON ok=1
Cmd: preprocess
  insize=519 outsize=1267 ok=1
Cmd: preprocess
  insize=8191 outsize=1109 ok=1
Cmd: compileSnippet
  api=4 type=0 insize=6257 outsize=1298 kw= ok=1
Cmd: compileSnippet
  api=4 type=1 insize=6257 outsize=1632 kw= ok=1
Cmd: compileSnippet
  api=4 type=0 insize=6261 outsize=1298 kw= ok=1
Cmd: compileSnippet
  api=4 type=1 insize=6261 outsize=1168 kw= ok=1
Cmd: compileSnippet
  api=4 type=0 insize=6270 outsize=1558 kw= ok=1
Cmd: compileSnippet
  api=4 type=1 insize=6270 outsize=2566 kw= ok=1
Cmd: compileSnippet
  api=4 type=0 insize=6264 outsize=1558 kw= ok=1
Cmd: compileSnippet
  api=4 type=1 insize=6264 outsize=2127 kw= ok=1
Cmd: compileSnippet
  api=4 type=0 insize=6262 outsize=1298 kw= ok=1
Cmd: compileSnippet
  api=4 type=1 insize=6262 outsize=1290 kw= ok=1
Cmd: compileSnippet
  api=4 type=0 insize=6266 outsize=1298 kw= ok=1
Cmd: compileSnippet
  api=4 type=1 insize=6266 outsize=1802 kw= ok=1
Cmd: compileSnippet
  api=4 type=0 insize=6270 outsize=1558 kw= ok=1
Cmd: compileSnippet
  api=4 type=1 insize=6270 outsize=2517 kw= ok=1
Cmd: compileSnippet
  api=4 type=0 insize=6256 outsize=1298 kw= ok=1
Cmd: compileSnippet
  api=4 type=1 insize=6256 outsize=852 kw= ok=1
Cmd: preprocess
  insize=1920 outsize=893 ok=1
Cmd: compileSnippet
  api=4 type=0 insize=1329 outsize=1388 kw= ok=1
Cmd: compileSnippet
  api=4 type=1 insize=1329 outsize=1128 kw= ok=1
Cmd: preprocess
  insize=11465 outsize=2629 ok=1
Cmd: compileSnippet
  api=4 type=0 insize=8625 outsize=1298 kw= ok=1
Cmd: compileSnippet
  api=4 type=1 insize=8625 outsize=4459 kw= ok=1
Cmd: compileSnippet
  api=4 type=0 insize=8630 outsize=1298 kw= ok=1
Cmd: compileSnippet
  api=4 type=1 insize=8630 outsize=2542 kw= ok=1
Cmd: compileSnippet
  api=4 type=0 insize=8629 outsize=1298 kw= ok=1
Cmd: compileSnippet
  api=4 type=1 insize=8629 outsize=876 kw= ok=1
Cmd: compileSnippet
  api=4 type=0 insize=8634 outsize=1298 kw= ok=1
Cmd: compileSnippet
  api=4 type=1 insize=8634 outsize=1729 kw= ok=1
Cmd: compileSnippet
  api=4 type=0 insize=8633 outsize=1298 kw= ok=1
Cmd: compileSnippet
  api=4 type=1 insize=8633 outsize=1331 kw= ok=1
Cmd: preprocess
  insize=3256 outsize=1440 ok=1
Cmd: compileSnippet
  api=4 type=0 insize=2120 outsize=1680 kw=LIGHTMAP_ON ok=1
Cmd: compileSnippet
  api=4 type=1 insize=2120 outsize=1745 kw=LIGHTMAP_ON ok=1
Cmd: preprocess
  insize=2610 outsize=2257 ok=1
Cmd: compileSnippet
  api=4 type=0 insize=6750 outsize=4613 kw=DIRECTIONAL SHADOWS_OFF LIGHTMAP_OFF DIRLIGHTMAP_OFF ok=1
Cmd: compileSnippet
  api=4 type=1 insize=6750 outsize=4792 kw=DIRECTIONAL SHADOWS_OFF LIGHTMAP_OFF DIRLIGHTMAP_OFF ok=1
Cmd: compileSnippet
  api=4 type=0 insize=4314 outsize=4264 kw=POINT ok=1
Cmd: compileSnippet
  api=4 type=1 insize=4314 outsize=5077 kw=POINT ok=1
Cmd: compileSnippet
  api=4 type=0 insize=4096 outsize=3387 kw= ok=1
Cmd: compileSnippet
  api=4 type=1 insize=4096 outsize=2956 kw= ok=1
Cmd: compileSnippet
  api=4 type=0 insize=6157 outsize=3517 kw=LIGHTMAP_OFF DIRLIGHTMAP_OFF HDR_LIGHT_PREPASS_OFF ok=1
Cmd: compileSnippet
  api=4 type=1 insize=6157 outsize=3127 kw=LIGHTMAP_OFF DIRLIGHTMAP_OFF HDR_LIGHT_PREPASS_OFF ok=1
Cmd: compileSnippet
  api=4 type=0 insize=3282 outsize=1810 kw=SHADOWS_DEPTH ok=1
Cmd: compileSnippet
  api=4 type=1 insize=3282 outsize=1347 kw=SHADOWS_DEPTH ok=1
Cmd: preprocess
  insize=1604 outsize=800 ok=1
Cmd: compileSnippet
  api=4 type=0 insize=1106 outsize=990 kw= ok=1
Cmd: compileSnippet
  api=4 type=1 insize=1106 outsize=600 kw= ok=1
Cmd: preprocess
  insize=13814 outsize=2635 ok=1
Cmd: compileSnippet
  api=4 type=0 insize=10227 outsize=990 kw= ok=1
Cmd: compileSnippet
  api=4 type=1 insize=10227 outsize=1177 kw= ok=1
Cmd: compileSnippet
  api=4 type=0 insize=10227 outsize=990 kw= ok=1
Cmd: compileSnippet
  api=4 type=1 insize=10227 outsize=1615 kw= ok=1
Cmd: compileSnippet
  api=4 type=0 insize=10227 outsize=990 kw= ok=1
Cmd: compileSnippet
  api=4 type=1 insize=10227 outsize=1688 kw= ok=1
Cmd: compileSnippet
  api=4 type=0 insize=10210 outsize=990 kw= ok=1
Cmd: compileSnippet
  api=4 type=1 insize=10210 outsize=1209 kw= ok=1
Cmd: compileSnippet
  api=4 type=0 insize=10229 outsize=990 kw= ok=1
Cmd: compileSnippet
  api=4 type=1 insize=10229 outsize=1339 kw= ok=1
Cmd: compileSnippet
  api=4 type=0 insize=10210 outsize=990 kw= ok=1
Cmd: compileSnippet
  api=4 type=1 insize=10210 outsize=1607 kw= ok=1
Cmd: compileSnippet
  api=4 type=0 insize=10255 outsize=1347 kw= ok=1
Cmd: compileSnippet
  api=4 type=1 insize=10255 outsize=1851 kw= ok=1
Cmd: compileSnippet
  api=4 type=0 insize=10209 outsize=990 kw= ok=1
Cmd: compileSnippet
  api=4 type=1 insize=10209 outsize=510 kw= ok=1
Cmd: compileSnippet
  api=4 type=0 insize=10213 outsize=990 kw= ok=1
Cmd: compileSnippet
  api=4 type=1 insize=10213 outsize=600 kw= ok=1
Cmd: compileSnippet
  api=4 type=0 insize=10235 outsize=2160 kw= ok=1
Cmd: compileSnippet
  api=4 type=1 insize=10235 outsize=2923 kw= ok=1
Cmd: compileSnippet
  api=4 type=0 insize=10229 outsize=2160 kw= ok=1
Cmd: compileSnippet
  api=4 type=1 insize=10229 outsize=3086 kw= ok=1
Cmd: compileSnippet
  api=4 type=0 insize=10235 outsize=2160 kw= ok=1
Cmd: compileSnippet
  api=4 type=1 insize=10235 outsize=2923 kw= ok=1
Cmd: preprocess
  insize=1950 outsize=489 ok=1
Cmd: compileSnippet
  api=4 type=0 insize=1736 outsize=990 kw= ok=1
Cmd: compileSnippet
  api=4 type=1 insize=1736 outsize=1599 kw= ok=1
Cmd: compileSnippet
  api=4 type=0 insize=1749 outsize=990 kw= ok=1
Cmd: compileSnippet
  api=4 type=1 insize=1749 outsize=1550 kw= ok=1
Cmd: preprocess
  insize=4352 outsize=1963 ok=1
Cmd: compileSnippet
  api=4 type=0 insize=2693 outsize=3151 kw=LIGHTMAP_ON ok=1
Cmd: compileSnippet
  api=4 type=1 insize=2693 outsize=1209 kw=LIGHTMAP_ON ok=1
Cmd: preprocess
  insize=1428 outsize=478 ok=1
Cmd: compileSnippet
  api=4 type=0 insize=1252 outsize=1388 kw= ok=1
Cmd: compileSnippet
  api=4 type=1 insize=1252 outsize=1168 kw= ok=1
Cmd: preprocess
  insize=990 outsize=1893 ok=1
Cmd: compileSnippet
  api=4 type=0 insize=4658 outsize=2607 kw=DIRECTIONAL SHADOWS_OFF LIGHTMAP_OFF DIRLIGHTMAP_OFF ok=1
Cmd: compileSnippet
  api=4 type=1 insize=4658 outsize=1307 kw=DIRECTIONAL SHADOWS_OFF LIGHTMAP_OFF DIRLIGHTMAP_OFF ok=1
Cmd: compileSnippet
  api=4 type=0 insize=2646 outsize=2875 kw=POINT SHADOWS_OFF ok=1
Cmd: compileSnippet
  api=4 type=1 insize=2646 outsize=1607 kw=POINT SHADOWS_OFF ok=1
Cmd: compileSnippet
  api=4 type=0 insize=2130 outsize=1477 kw= ok=1
Cmd: compileSnippet
  api=4 type=1 insize=2130 outsize=632 kw= ok=1
Cmd: compileSnippet
  api=4 type=0 insize=4343 outsize=2883 kw=LIGHTMAP_OFF DIRLIGHTMAP_OFF HDR_LIGHT_PREPASS_OFF ok=1
Cmd: compileSnippet
  api=4 type=1 insize=4343 outsize=1250 kw=LIGHTMAP_OFF DIRLIGHTMAP_OFF HDR_LIGHT_PREPASS_OFF ok=1
Cmd: compileSnippet
  api=4 type=0 insize=1943 outsize=1404 kw=SHADOWS_DEPTH ok=1
Cmd: compileSnippet
  api=4 type=1 insize=1943 outsize=437 kw=SHADOWS_DEPTH ok=1
Cmd: preprocess
  insize=2207 outsize=1296 ok=1
Cmd: compileSnippet
  api=4 type=0 insize=1247 outsize=4305 kw=SHADOWS_SCREEN LIGHTMAP_ON ok=1
Cmd: compileSnippet
  api=4 type=1 insize=1247 outsize=1656 kw=SHADOWS_SCREEN LIGHTMAP_ON ok=1
Cmd: preprocess
  insize=1813 outsize=492 ok=1
Cmd: compileSnippet
  api=4 type=0 insize=1575 outsize=2192 kw= ok=1
Cmd: compileSnippet
  api=4 type=1 insize=1575 outsize=998 kw= ok=1
Cmd: preprocess
  insize=5303 outsize=2343 ok=1
Cmd: compileSnippet
  api=4 type=0 insize=1605 outsize=2062 kw= ok=1
Cmd: compileSnippet
  api=4 type=1 insize=1605 outsize=908 kw= ok=1
Cmd: compileSnippet
  api=4 type=0 insize=1964 outsize=3492 kw= ok=1
Cmd: compileSnippet
  api=4 type=1 insize=1964 outsize=616 kw= ok=1
Cmd: preprocess
  insize=1692 outsize=302 ok=1
Cmd: compileSnippet
  api=4 type=0 insize=1695 outsize=1737 kw= ok=1
Cmd: compileSnippet
  api=4 type=1 insize=1695 outsize=2355 kw= ok=1
Cmd: preprocess
  insize=3297 outsize=955 ok=1
Cmd: compileSnippet
  api=4 type=0 insize=2032 outsize=1916 kw= ok=1
Cmd: compileSnippet
  api=4 type=1 insize=2032 outsize=713 kw= ok=1
Cmd: compileSnippet
  api=4 type=0 insize=883 outsize=1185 kw= ok=1
Cmd: compileSnippet
  api=4 type=1 insize=883 outsize=648 kw= ok=1
Cmd: preprocess
  insize=2624 outsize=1081 ok=1
Cmd: compileSnippet
  api=4 type=0 insize=1847 outsize=1680 kw=LIGHTMAP_ON ok=1
Cmd: compileSnippet
  api=4 type=1 insize=1847 outsize=1030 kw=LIGHTMAP_ON ok=1
Cmd: preprocess
  insize=2459 outsize=1171 ok=1
Cmd: compileSnippet
  api=4 type=0 insize=1590 outsize=1274 kw=SOFTPARTICLES_OFF ok=1
Cmd: compileSnippet
  api=4 type=1 insize=1590 outsize=908 kw=SOFTPARTICLES_OFF ok=1
Cmd: preprocess
  insize=27271 outsize=4722 ok=1
Cmd: compileSnippet
  api=4 type=0 insize=19247 outsize=1298 kw= ok=1
Cmd: compileSnippet
  api=4 type=1 insize=19247 outsize=1420 kw= ok=1
Cmd: compileSnippet
  api=4 type=0 insize=19254 outsize=2095 kw= ok=1
Cmd: compileSnippet
  api=4 type=1 insize=19254 outsize=3915 kw= ok=1
Cmd: compileSnippet
  api=4 type=0 insize=19258 outsize=2095 kw= ok=1
Cmd: compileSnippet
  api=4 type=1 insize=19258 outsize=7571 kw= ok=1
Cmd: compileSnippet
  api=4 type=0 insize=19237 outsize=1298 kw= ok=1
Cmd: compileSnippet
  api=4 type=1 insize=19237 outsize=648 kw= ok=1
Cmd: compileSnippet
  api=4 type=0 insize=19253 outsize=1298 kw= ok=1
Cmd: compileSnippet
  api=4 type=1 insize=19253 outsize=1412 kw= ok=1
Cmd: compileSnippet
  api=4 type=0 insize=19240 outsize=1298 kw= ok=1
Cmd: compileSnippet
  api=4 type=1 insize=19240 outsize=2558 kw= ok=1
Cmd: compileSnippet
  api=4 type=0 insize=19251 outsize=1298 kw= ok=1
Cmd: compileSnippet
  api=4 type=1 insize=19251 outsize=2095 kw= ok=1
Cmd: compileSnippet
  api=4 type=0 insize=19247 outsize=1298 kw= ok=1
Cmd: compileSnippet
  api=4 type=1 insize=19247 outsize=827 kw= ok=1
Cmd: compileSnippet
  api=4 type=0 insize=19257 outsize=1298 kw= ok=1
Cmd: compileSnippet
  api=4 type=1 insize=19257 outsize=1485 kw= ok=1
Cmd: compileSnippet
  api=4 type=0 insize=19250 outsize=1298 kw= ok=1
Cmd: compileSnippet
  api=4 type=1 insize=19250 outsize=1217 kw= ok=1
Cmd: compileSnippet
  api=4 type=0 insize=19257 outsize=1298 kw= ok=1
Cmd: compileSnippet
  api=4 type=1 insize=19257 outsize=1802 kw= ok=1
Cmd: compileSnippet
  api=4 type=0 insize=19245 outsize=1298 kw= ok=1
Cmd: compileSnippet
  api=4 type=1 insize=19245 outsize=3086 kw= ok=1
Cmd: compileSnippet
  api=4 type=0 insize=19254 outsize=1298 kw= ok=1
Cmd: compileSnippet
  api=4 type=1 insize=19254 outsize=3484 kw= ok=1
Cmd: compileSnippet
  api=4 type=0 insize=19241 outsize=1298 kw= ok=1
Cmd: compileSnippet
  api=4 type=1 insize=19241 outsize=1542 kw= ok=1
Cmd: compileSnippet
  api=4 type=0 insize=19256 outsize=1298 kw= ok=1
Cmd: compileSnippet
  api=4 type=1 insize=19256 outsize=1030 kw= ok=1
Cmd: compileSnippet
  api=4 type=0 insize=19246 outsize=1298 kw= ok=1
Cmd: compileSnippet
  api=4 type=1 insize=19246 outsize=1388 kw= ok=1
Cmd: compileSnippet
  api=4 type=0 insize=19239 outsize=1298 kw= ok=1
Cmd: compileSnippet
  api=4 type=1 insize=19239 outsize=843 kw= ok=1
Cmd: compileSnippet
  api=4 type=0 insize=19247 outsize=1298 kw= ok=1
Cmd: compileSnippet
  api=4 type=1 insize=19247 outsize=3842 kw= ok=1
Cmd: compileSnippet
  api=4 type=0 insize=19255 outsize=1298 kw= ok=1
Cmd: compileSnippet
  api=4 type=1 insize=19255 outsize=3744 kw= ok=1
Cmd: compileSnippet
  api=4 type=0 insize=19265 outsize=2095 kw= ok=1
Cmd: compileSnippet
  api=4 type=1 insize=19265 outsize=4654 kw= ok=1
Cmd: compileSnippet
  api=4 type=0 insize=19243 outsize=1298 kw= ok=1
Cmd: compileSnippet
  api=4 type=1 insize=19243 outsize=762 kw= ok=1
Cmd: compileSnippet
  api=4 type=0 insize=19245 outsize=1298 kw= ok=1
Cmd: compileSnippet
  api=4 type=1 insize=19245 outsize=2558 kw= ok=1
Cmd: compileSnippet
  api=4 type=0 insize=19262 outsize=1298 kw= ok=1
Cmd: compileSnippet
  api=4 type=1 insize=19262 outsize=648 kw= ok=1
Cmd: preprocess
  insize=1180 outsize=1180 ok=1
Cmd: preprocess
  insize=4106 outsize=553 ok=1
Cmd: compileSnippet
  api=4 type=0 insize=3753 outsize=1737 kw= ok=1
Cmd: compileSnippet
  api=4 type=1 insize=3753 outsize=2932 kw= ok=1
Cmd: compileSnippet
  api=4 type=0 insize=3766 outsize=1737 kw= ok=1
Cmd: compileSnippet
  api=4 type=1 insize=3766 outsize=1778 kw= ok=1
Cmd: compileSnippet
  api=4 type=0 insize=3757 outsize=1737 kw= ok=1
Cmd: compileSnippet
  api=4 type=1 insize=3757 outsize=2038 kw= ok=1
Cmd: preprocess
  insize=2583 outsize=1279 ok=1
Cmd: compileSnippet
  api=4 type=0 insize=1607 outsize=1445 kw= ok=1
Cmd: compileSnippet
  api=4 type=1 insize=1607 outsize=1112 kw= ok=1
Cmd: preprocess
  insize=1899 outsize=902 ok=1
Cmd: compileSnippet
  api=4 type=0 insize=1298 outsize=1274 kw=SOFTPARTICLES_OFF ok=1
Cmd: compileSnippet
  api=4 type=1 insize=1298 outsize=1428 kw=SOFTPARTICLES_OFF ok=1
Cmd: preprocess
  insize=990 outsize=990 ok=1
Cmd: preprocess
  error: 1 plat 12 at (131): Compiling shaders to OpenGL ES 2.0, Xbox 360, PS3, Flash or DX11 requires both vertex and fragment programs
  insize=3079 outsize=2335 ok=1
Cmd: compileSnippet
  api=4 type=0 insize=976 outsize=1599 kw= ok=1
Cmd: compileSnippet
  api=4 type=1 insize=976 outsize=502 kw= ok=1
Cmd: preprocess
  insize=1737 outsize=297 ok=1
Cmd: compileSnippet
  api=4 type=0 insize=1742 outsize=1713 kw= ok=1
Cmd: compileSnippet
  api=4 type=1 insize=1742 outsize=3248 kw= ok=1
Cmd: preprocess
  insize=2229 outsize=1040 ok=1
Cmd: preprocess
  insize=1026 outsize=351 ok=1
Cmd: compileSnippet
  api=4 type=0 insize=977 outsize=990 kw= ok=1
Cmd: compileSnippet
  api=4 type=1 insize=977 outsize=1282 kw= ok=1
Cmd: preprocess
  insize=1920 outsize=1193 ok=1
Cmd: compileSnippet
  api=4 type=0 insize=1062 outsize=4045 kw=SHADOWS_SCREEN LIGHTMAP_ON ok=1
Cmd: compileSnippet
  api=4 type=1 insize=1062 outsize=1412 kw=SHADOWS_SCREEN LIGHTMAP_ON ok=1
Cmd: preprocess
  insize=1123 outsize=459 ok=1
Cmd: compileSnippet
  api=4 type=0 insize=940 outsize=990 kw= ok=1
Cmd: compileSnippet
  api=4 type=1 insize=940 outsize=949 kw= ok=1
Cmd: compileSnippet
  api=4 type=0 insize=946 outsize=990 kw= ok=1
Cmd: compileSnippet
  api=4 type=1 insize=946 outsize=1006 kw= ok=1
Cmd: preprocess
  insize=2283 outsize=1241 ok=1
Cmd: compileSnippet
  api=4 type=0 insize=1378 outsize=5653 kw=SHADOWS_SCREEN LIGHTMAP_ON ok=1
Cmd: compileSnippet
  api=4 type=1 insize=1378 outsize=1753 kw=SHADOWS_SCREEN LIGHTMAP_ON ok=1
Cmd: preprocess
  insize=738 outsize=267 ok=1
Cmd: compileSnippet
  api=4 type=0 insize=771 outsize=1128 kw= ok=1
Cmd: compileSnippet
  api=4 type=1 insize=771 outsize=819 kw= ok=1
Cmd: preprocess
  insize=2247 outsize=1034 ok=1
Cmd: preprocess
  insize=2965 outsize=1337 ok=1
Cmd: compileSnippet
  api=4 type=0 insize=1932 outsize=1762 kw=LIGHTMAP_ON ok=1
Cmd: compileSnippet
  api=4 type=1 insize=1932 outsize=1160 kw=LIGHTMAP_ON ok=1
Cmd: preprocess
  insize=836 outsize=836 ok=1
Cmd: preprocess
  insize=2902 outsize=1804 ok=1
Cmd: compileSnippet
  api=4 type=0 insize=1434 outsize=4045 kw=SHADOWS_SCREEN LIGHTMAP_ON ok=1
Cmd: compileSnippet
  api=4 type=1 insize=1434 outsize=1892 kw=SHADOWS_SCREEN LIGHTMAP_ON ok=1
Cmd: preprocess
  insize=3429 outsize=1546 ok=1
Cmd: compileSnippet
  api=4 type=0 insize=1268 outsize=4045 kw=SHADOWS_SCREEN LIGHTMAP_ON ok=1
Cmd: compileSnippet
  api=4 type=1 insize=1268 outsize=1599 kw=SHADOWS_SCREEN LIGHTMAP_ON ok=1
Cmd: compileSnippet
  api=4 type=0 insize=1290 outsize=4069 kw=SHADOWS_SCREEN LIGHTMAP_ON ok=1
Cmd: compileSnippet
  api=4 type=1 insize=1290 outsize=1599 kw=SHADOWS_SCREEN LIGHTMAP_ON ok=1
Cmd: preprocess
  insize=5837 outsize=874 ok=1
Cmd: compileSnippet
  api=4 type=0 insize=4926 outsize=1558 kw= ok=1
Cmd: compileSnippet
  api=4 type=1 insize=4926 outsize=2135 kw= ok=1
Cmd: compileSnippet
  api=4 type=0 insize=4929 outsize=1558 kw= ok=1
Cmd: compileSnippet
  api=4 type=1 insize=4929 outsize=1640 kw= ok=1
Cmd: compileSnippet
  api=4 type=0 insize=4933 outsize=1558 kw= ok=1
Cmd: compileSnippet
  api=4 type=1 insize=4933 outsize=1802 kw= ok=1
Cmd: compileSnippet
  api=4 type=0 insize=4942 outsize=990 kw= ok=1
Cmd: compileSnippet
  api=4 type=1 insize=4942 outsize=1038 kw= ok=1
Cmd: compileSnippet
  api=4 type=0 insize=4923 outsize=1558 kw= ok=1
Cmd: compileSnippet
  api=4 type=1 insize=4923 outsize=2135 kw= ok=1
Cmd: preprocess
  insize=3366 outsize=1242 ok=1
Cmd: compileSnippet
  api=4 type=0 insize=2428 outsize=2379 kw=LIGHTMAP_ON ok=1
Cmd: compileSnippet
  api=4 type=1 insize=2428 outsize=1656 kw=LIGHTMAP_ON ok=1
Cmd: preprocess
  insize=3341 outsize=1579 ok=1
Cmd: compileSnippet
  api=4 type=0 insize=2065 outsize=1680 kw=LIGHTMAP_ON ok=1
Cmd: compileSnippet
  api=4 type=1 insize=2065 outsize=1339 kw=LIGHTMAP_ON ok=1
Cmd: preprocess
  insize=5633 outsize=759 ok=1
Cmd: compileSnippet
  api=4 type=0 insize=4669 outsize=990 kw= ok=1
Cmd: compileSnippet
  api=4 type=1 insize=4669 outsize=811 kw= ok=1
Cmd: compileSnippet
  api=4 type=0 insize=4674 outsize=2135 kw= ok=1
Cmd: compileSnippet
  api=4 type=1 insize=4674 outsize=1835 kw= ok=1
Cmd: compileSnippet
  api=4 type=0 insize=4684 outsize=2143 kw= ok=1
Cmd: compileSnippet
  api=4 type=1 insize=4684 outsize=2395 kw= ok=1
Cmd: compileSnippet
  api=4 type=0 insize=4679 outsize=2143 kw= ok=1
Cmd: compileSnippet
  api=4 type=1 insize=4679 outsize=2030 kw= ok=1
Cmd: compileSnippet
  api=4 type=0 insize=4685 outsize=1737 kw= ok=1
Cmd: compileSnippet
  api=4 type=1 insize=4685 outsize=2355 kw= ok=1
Cmd: preprocess
  insize=2617 outsize=1293 ok=1
Cmd: compileSnippet
  api=4 type=0 insize=1626 outsize=2590 kw= ok=1
Cmd: compileSnippet
  api=4 type=1 insize=1626 outsize=665 kw= ok=1
Cmd: preprocess
  insize=586 outsize=360 ok=1
Cmd: compileSnippet
  api=4 type=0 insize=528 outsize=1128 kw= ok=1
Cmd: compileSnippet
  api=4 type=1 insize=528 outsize=868 kw= ok=1
Cmd: preprocess
  insize=7288 outsize=926 ok=1
Cmd: compileSnippet
  api=4 type=0 insize=5703 outsize=1298 kw= ok=1
Cmd: compileSnippet
  api=4 type=1 insize=5703 outsize=795 kw= ok=1
Cmd: compileSnippet
  api=4 type=0 insize=5703 outsize=1298 kw= ok=1
Cmd: compileSnippet
  api=4 type=1 insize=5703 outsize=892 kw= ok=1
Cmd: compileSnippet
  api=4 type=0 insize=5697 outsize=1298 kw= ok=1
Cmd: compileSnippet
  api=4 type=1 insize=5697 outsize=2623 kw= ok=1
Cmd: compileSnippet
  api=4 type=0 insize=5696 outsize=1298 kw= ok=1
Cmd: compileSnippet
  api=4 type=1 insize=5696 outsize=2777 kw= ok=1
Cmd: compileSnippet
  api=4 type=0 insize=5699 outsize=1298 kw= ok=1
Cmd: compileSnippet
  api=4 type=1 insize=5699 outsize=2891 kw= ok=1
Cmd: compileSnippet
  api=4 type=0 insize=5699 outsize=1298 kw= ok=1
Cmd: compileSnippet
  api=4 type=1 insize=5699 outsize=2948 kw= ok=1
Cmd: compileSnippet
  api=4 type=0 insize=5701 outsize=1298 kw= ok=1
Cmd: compileSnippet
  api=4 type=1 insize=5701 outsize=998 kw= ok=1
Cmd: preprocess
  insize=2028 outsize=1357 ok=1
Cmd: compileSnippet
  api=4 type=0 insize=1006 outsize=3655 kw=SHADOWS_SCREEN ok=1
Cmd: compileSnippet
  api=4 type=1 insize=1006 outsize=1209 kw=SHADOWS_SCREEN ok=1
Cmd: preprocess
  insize=32646 outsize=272 ok=1
Cmd: compileSnippet
  api=4 type=0 insize=32675 outsize=990 kw= ok=1
Cmd: compileSnippet
  api=4 type=1 insize=32675 outsize=10683 kw= ok=1
Cmd: preprocess
  insize=2594 outsize=1062 ok=1
Cmd: compileSnippet
  api=4 type=0 insize=1834 outsize=1932 kw= ok=1
Cmd: compileSnippet
  api=4 type=1 insize=1834 outsize=762 kw= ok=1
Cmd: preprocess
  insize=2431 outsize=1119 ok=1
Cmd: compileSnippet
  api=4 type=0 insize=1614 outsize=1680 kw= ok=1
Cmd: compileSnippet
  api=4 type=1 insize=1614 outsize=900 kw= ok=1
Cmd: preprocess
  insize=5149 outsize=1741 ok=1
Cmd: compileSnippet
  api=4 type=0 insize=3712 outsize=1753 kw= ok=1
Cmd: compileSnippet
  api=4 type=1 insize=3712 outsize=4557 kw= ok=1
Cmd: preprocess
  insize=1971 outsize=1971 ok=1
Cmd: preprocess
  insize=519 outsize=1267 ok=1
Cmd: preprocess
  insize=2239 outsize=1353 ok=1
Cmd: compileSnippet
  api=4 type=0 insize=1222 outsize=4045 kw=SHADOWS_SCREEN LIGHTMAP_ON ok=1
Cmd: compileSnippet
  api=4 type=1 insize=1222 outsize=1705 kw=SHADOWS_SCREEN LIGHTMAP_ON ok=1
Cmd: preprocess
  insize=2796 outsize=1216 ok=1
Cmd: compileSnippet
  api=4 type=0 insize=1884 outsize=1680 kw=LIGHTMAP_ON ok=1
Cmd: compileSnippet
  api=4 type=1 insize=1884 outsize=1030 kw=LIGHTMAP_ON ok=1
Cmd: preprocess
  insize=2505 outsize=1548 ok=1
Cmd: compileSnippet
  api=4 type=0 insize=1291 outsize=4045 kw=SHADOWS_SCREEN LIGHTMAP_ON ok=1
Cmd: compileSnippet
  api=4 type=1 insize=1291 outsize=1526 kw=SHADOWS_SCREEN LIGHTMAP_ON ok=1
Cmd: preprocess
  insize=4383 outsize=2036 ok=1
Cmd: compileSnippet
  api=4 type=0 insize=2649 outsize=2769 kw=LIGHTMAP_ON ok=1
Cmd: compileSnippet
  api=4 type=1 insize=2649 outsize=1258 kw=LIGHTMAP_ON ok=1
Cmd: preprocess
  insize=6801 outsize=255 ok=1
Cmd: compileSnippet
  api=4 type=0 insize=6848 outsize=1380 kw= ok=1
Cmd: compileSnippet
  api=4 type=1 insize=6848 outsize=4418 kw= ok=1
Cmd: preprocess
  insize=4528 outsize=554 ok=1
Cmd: compileSnippet
  api=4 type=0 insize=4181 outsize=2200 kw= ok=1
Cmd: compileSnippet
  api=4 type=1 insize=4181 outsize=4297 kw= ok=1
Cmd: compileSnippet
  api=4 type=0 insize=4186 outsize=2200 kw= ok=1
Cmd: compileSnippet
  api=4 type=1 insize=4186 outsize=3362 kw= ok=1
Cmd: preprocess
  insize=2231 outsize=979 ok=1
Cmd: compileSnippet
  api=4 type=0 insize=1554 outsize=1168 kw= ok=1
Cmd: compileSnippet
  api=4 type=1 insize=1554 outsize=1038 kw= ok=1
Cmd: preprocess
  error: 1 plat 12 at (796): Compiling shaders to OpenGL ES 2.0, Xbox 360, PS3, Flash or DX11 requires both vertex and fragment programs
  insize=3140 outsize=3662 ok=1
Cmd: compileSnippet
  api=4 type=0 insize=977 outsize=1599 kw= ok=1
Cmd: compileSnippet
  api=4 type=1 insize=977 outsize=502 kw= ok=1
Cmd: compileSnippet
  api=4 type=0 insize=5139 outsize=3387 kw=DIRECTIONAL SHADOWS_OFF LIGHTMAP_OFF DIRLIGHTMAP_OFF ok=1
Cmd: compileSnippet
  api=4 type=1 insize=5139 outsize=1737 kw=DIRECTIONAL SHADOWS_OFF LIGHTMAP_OFF DIRLIGHTMAP_OFF ok=1
Cmd: compileSnippet
  api=4 type=0 insize=3014 outsize=3037 kw=POINT ok=1
Cmd: compileSnippet
  api=4 type=1 insize=3014 outsize=2005 kw=POINT ok=1
Cmd: compileSnippet
  api=4 type=0 insize=3019 outsize=2915 kw= ok=1
Cmd: compileSnippet
  api=4 type=1 insize=3019 outsize=1510 kw= ok=1
Cmd: compileSnippet
  api=4 type=0 insize=4828 outsize=2972 kw=LIGHTMAP_OFF DIRLIGHTMAP_OFF HDR_LIGHT_PREPASS_OFF ok=1
Cmd: compileSnippet
  api=4 type=1 insize=4828 outsize=1250 kw=LIGHTMAP_OFF DIRLIGHTMAP_OFF HDR_LIGHT_PREPASS_OFF ok=1
Cmd: compileSnippet
  api=4 type=0 insize=5141 outsize=3387 kw=DIRECTIONAL SHADOWS_OFF LIGHTMAP_OFF DIRLIGHTMAP_OFF ok=1
Cmd: compileSnippet
  api=4 type=1 insize=5141 outsize=1737 kw=DIRECTIONAL SHADOWS_OFF LIGHTMAP_OFF DIRLIGHTMAP_OFF ok=1
Cmd: compileSnippet
  api=4 type=0 insize=3016 outsize=3037 kw=POINT ok=1
Cmd: compileSnippet
  api=4 type=1 insize=3016 outsize=2005 kw=POINT ok=1
Cmd: compileSnippet
  api=4 type=0 insize=3021 outsize=2915 kw= ok=1
Cmd: compileSnippet
  api=4 type=1 insize=3021 outsize=1510 kw= ok=1
Cmd: compileSnippet
  api=4 type=0 insize=4830 outsize=2972 kw=LIGHTMAP_OFF DIRLIGHTMAP_OFF HDR_LIGHT_PREPASS_OFF ok=1
Cmd: compileSnippet
  api=4 type=1 insize=4830 outsize=1250 kw=LIGHTMAP_OFF DIRLIGHTMAP_OFF HDR_LIGHT_PREPASS_OFF ok=1
Cmd: preprocess
  insize=1784 outsize=849 ok=1
Cmd: compileSnippet
  api=4 type=0 insize=1237 outsize=1388 kw= ok=1
Cmd: compileSnippet
  api=4 type=1 insize=1237 outsize=1168 kw= ok=1
Cmd: preprocess
  insize=1970 outsize=1268 ok=1
Cmd: compileSnippet
  api=4 type=0 insize=1038 outsize=4045 kw=SHADOWS_SCREEN LIGHTMAP_ON ok=1
Cmd: compileSnippet
  api=4 type=1 insize=1038 outsize=1412 kw=SHADOWS_SCREEN LIGHTMAP_ON ok=1
Cmd: preprocess
  insize=2474 outsize=494 ok=1
Cmd: compileSnippet
  api=4 type=0 insize=2284 outsize=2078 kw= ok=1
Cmd: compileSnippet
  api=4 type=1 insize=2284 outsize=2257 kw= ok=1
Cmd: preprocess
  insize=2978 outsize=1173 ok=1
Cmd: compileSnippet
  api=4 type=0 insize=2109 outsize=1900 kw=LIGHTMAP_ON ok=1
Cmd: compileSnippet
  api=4 type=1 insize=2109 outsize=1347 kw=LIGHTMAP_ON ok=1
Cmd: preprocess
  insize=4925 outsize=1094 ok=1
Cmd: compileSnippet
  api=4 type=0 insize=3816 outsize=1298 kw= ok=1
Cmd: compileSnippet
  api=4 type=1 insize=3816 outsize=1201 kw= ok=1
Cmd: compileSnippet
  api=4 type=0 insize=3824 outsize=1233 kw= ok=1
Cmd: compileSnippet
  api=4 type=1 insize=3824 outsize=1185 kw= ok=1
Cmd: compileSnippet
  api=4 type=0 insize=3822 outsize=1298 kw= ok=1
Cmd: compileSnippet
  api=4 type=1 insize=3822 outsize=1672 kw= ok=1
Cmd: compileSnippet
  api=4 type=0 insize=3824 outsize=1298 kw= ok=1
Cmd: compileSnippet
  api=4 type=1 insize=3824 outsize=1623 kw= ok=1
Cmd: compileSnippet
  api=4 type=0 insize=3814 outsize=1298 kw= ok=1
Cmd: compileSnippet
  api=4 type=1 insize=3814 outsize=973 kw= ok=1
Cmd: preprocess
  insize=2921 outsize=1889 ok=1
Cmd: compileSnippet
  api=4 type=0 insize=6592 outsize=2607 kw=DIRECTIONAL SHADOWS_OFF LIGHTMAP_OFF DIRLIGHTMAP_OFF ok=1
Cmd: compileSnippet
  api=4 type=1 insize=6592 outsize=1307 kw=DIRECTIONAL SHADOWS_OFF LIGHTMAP_OFF DIRLIGHTMAP_OFF ok=1
Cmd: compileSnippet
  api=4 type=0 insize=4580 outsize=2875 kw=POINT SHADOWS_OFF ok=1
Cmd: compileSnippet
  api=4 type=1 insize=4580 outsize=1607 kw=POINT SHADOWS_OFF ok=1
Cmd: compileSnippet
  api=4 type=0 insize=4064 outsize=1477 kw= ok=1
Cmd: compileSnippet
  api=4 type=1 insize=4064 outsize=632 kw= ok=1
Cmd: compileSnippet
  api=4 type=0 insize=6277 outsize=2883 kw=LIGHTMAP_OFF DIRLIGHTMAP_OFF HDR_LIGHT_PREPASS_OFF ok=1
Cmd: compileSnippet
  api=4 type=1 insize=6277 outsize=1250 kw=LIGHTMAP_OFF DIRLIGHTMAP_OFF HDR_LIGHT_PREPASS_OFF ok=1
Cmd: compileSnippet
  api=4 type=0 insize=3877 outsize=1404 kw=SHADOWS_DEPTH ok=1
Cmd: compileSnippet
  api=4 type=1 insize=3877 outsize=437 kw=SHADOWS_DEPTH ok=1
Cmd: preprocess
  insize=2275 outsize=1043 ok=1
Cmd: compileSnippet
  api=4 type=0 insize=1534 outsize=1274 kw=SOFTPARTICLES_OFF ok=1
Cmd: compileSnippet
  api=4 type=1 insize=1534 outsize=908 kw=SOFTPARTICLES_OFF ok=1
Cmd: preprocess
  insize=2469 outsize=1128 ok=1
Cmd: compileSnippet
  api=4 type=0 insize=1588 outsize=1274 kw=SOFTPARTICLES_OFF ok=1
Cmd: compileSnippet
  api=4 type=1 insize=1588 outsize=908 kw=SOFTPARTICLES_OFF ok=1
Cmd: preprocess
  insize=2590 outsize=1435 ok=1
Cmd: compileSnippet
  api=4 type=0 insize=1491 outsize=5792 kw=SHADOWS_SCREEN LIGHTMAP_ON ok=1
Cmd: compileSnippet
  api=4 type=1 insize=1491 outsize=1981 kw=SHADOWS_SCREEN LIGHTMAP_ON ok=1
Cmd: preprocess
  insize=5752 outsize=1270 ok=1
Cmd: compileSnippet
  api=4 type=0 insize=4240 outsize=1428 kw= ok=1
Cmd: compileSnippet
  api=4 type=1 insize=4240 outsize=2509 kw= ok=1
Cmd: compileSnippet
  api=4 type=0 insize=3327 outsize=1185 kw= ok=1
Cmd: compileSnippet
  api=4 type=1 insize=3327 outsize=1656 kw= ok=1
Cmd: compileSnippet
  api=4 type=4 insize=3327 outsize=3590 kw= ok=1
Cmd: compileSnippet
  api=4 type=0 insize=3327 outsize=1185 kw= ok=1
Cmd: compileSnippet
  api=4 type=1 insize=3327 outsize=1656 kw= ok=1
Cmd: compileSnippet
  api=4 type=4 insize=3327 outsize=3590 kw= ok=1
Cmd: preprocess
  insize=1956 outsize=1213 ok=1
Cmd: compileSnippet
  api=4 type=0 insize=1079 outsize=4045 kw=SHADOWS_SCREEN LIGHTMAP_ON ok=1
Cmd: compileSnippet
  api=4 type=1 insize=1079 outsize=1575 kw=SHADOWS_SCREEN LIGHTMAP_ON ok=1
Cmd: preprocess
  insize=721 outsize=317 ok=1
Cmd: compileSnippet
  api=4 type=0 insize=706 outsize=1128 kw= ok=1
Cmd: compileSnippet
  api=4 type=1 insize=706 outsize=1047 kw= ok=1
Cmd: preprocess
  insize=2750 outsize=1101 ok=1
Cmd: compileSnippet
  api=4 type=0 insize=1953 outsize=1680 kw=LIGHTMAP_ON ok=1
Cmd: compileSnippet
  api=4 type=1 insize=1953 outsize=1209 kw=LIGHTMAP_ON ok=1
Cmd: preprocess
  insize=2779 outsize=1205 ok=1
Cmd: compileSnippet
  api=4 type=0 insize=1878 outsize=1680 kw=LIGHTMAP_ON ok=1
Cmd: compileSnippet
  api=4 type=1 insize=1878 outsize=1103 kw=LIGHTMAP_ON ok=1
Cmd: preprocess
  insize=1416 outsize=1416 ok=1
Cmd: preprocess
  insize=2676 outsize=968 ok=1
Cmd: compileSnippet
  api=4 type=0 insize=2011 outsize=2988 kw= ok=1
Cmd: compileSnippet
  api=4 type=1 insize=2011 outsize=616 kw= ok=1
Cmd: preprocess
  insize=3918 outsize=650 ok=1
Cmd: compileSnippet
  api=4 type=0 insize=3311 outsize=990 kw= ok=1
Cmd: compileSnippet
  api=4 type=1 insize=3311 outsize=1258 kw= ok=1
Cmd: compileSnippet
  api=4 type=0 insize=3319 outsize=2135 kw= ok=1
Cmd: compileSnippet
  api=4 type=1 insize=3319 outsize=1835 kw= ok=1
Cmd: compileSnippet
  api=4 type=0 insize=3328 outsize=2119 kw= ok=1
Cmd: compileSnippet
  api=4 type=1 insize=3328 outsize=2192 kw= ok=1
Cmd: compileSnippet
  api=4 type=0 insize=3323 outsize=2119 kw= ok=1
Cmd: compileSnippet
  api=4 type=1 insize=3323 outsize=2030 kw= ok=1
Cmd: preprocess
  insize=2157 outsize=1431 ok=1
Cmd: compileSnippet
  api=4 type=0 insize=1062 outsize=3907 kw=SHADOWS_SCREEN ok=1
Cmd: compileSnippet
  api=4 type=1 insize=1062 outsize=1469 kw=SHADOWS_SCREEN ok=1
Cmd: preprocess
  insize=873 outsize=301 ok=1
Cmd: compileSnippet
  api=4 type=0 insize=877 outsize=990 kw= ok=1
Cmd: compileSnippet
  api=4 type=1 insize=877 outsize=1087 kw= ok=1
Cmd: preprocess
  insize=2824 outsize=1197 ok=1
Cmd: compileSnippet
  api=4 type=0 insize=1930 outsize=1680 kw=LIGHTMAP_ON ok=1
Cmd: compileSnippet
  api=4 type=1 insize=1930 outsize=1242 kw=LIGHTMAP_ON ok=1
Cmd: preprocess
  insize=2373 outsize=1042 ok=1
Cmd: compileSnippet
  api=4 type=0 insize=1633 outsize=2241 kw= ok=1
Cmd: compileSnippet
  api=4 type=1 insize=1633 outsize=616 kw= ok=1
Cmd: preprocess
  insize=1436 outsize=840 ok=1
Cmd: compileSnippet
  api=4 type=0 insize=898 outsize=1193 kw= ok=1
Cmd: compileSnippet
  api=4 type=1 insize=898 outsize=754 kw= ok=1
Cmd: preprocess
  error: 2 plat 12 at (47): Can't find include file Assets/Shadow Softener/Shaders/ShadowSoftener.cginc
  error: 2 plat 12 at (70): Can't find include file Assets/Shadow Softener/Shaders/ShadowSoftener.cginc
  error: 2 plat 12 at (93): Can't find include file Assets/Shadow Softener/Shaders/ShadowSoftener.cginc
  error: 2 plat 12 at (116): Can't find include file Assets/Shadow Softener/Shaders/ShadowSoftener.cginc
  error: 2 plat 12 at (139): Can't find include file Assets/Shadow Softener/Shaders/ShadowSoftener.cginc
  error: 2 plat 12 at (162): Can't find include file Assets/Shadow Softener/Shaders/ShadowSoftener.cginc
  error: 2 plat 12 at (185): Can't find include file Assets/Shadow Softener/Shaders/ShadowSoftener.cginc
  insize=3723 outsize=1436 ok=0
Cmd: preprocess
  insize=1725 outsize=1007 ok=1
Cmd: compileSnippet
  api=4 type=0 insize=1020 outsize=1274 kw= ok=1
Cmd: compileSnippet
  api=4 type=1 insize=1020 outsize=908 kw= ok=1
Cmd: preprocess
  insize=1645 outsize=1645 ok=1
Cmd: preprocess
  insize=1339 outsize=296 ok=1
Cmd: compileSnippet
  api=4 type=0 insize=1347 outsize=1558 kw= ok=1
Cmd: compileSnippet
  api=4 type=1 insize=1347 outsize=1940 kw= ok=1
Cmd: preprocess
  insize=2143 outsize=983 ok=1
Cmd: compileSnippet
  api=4 type=0 insize=905 outsize=1071 kw= ok=1
Cmd: compileSnippet
  api=4 type=1 insize=905 outsize=738 kw= ok=1
Cmd: compileSnippet
  api=4 type=0 insize=860 outsize=1071 kw= ok=1
Cmd: compileSnippet
  api=4 type=1 insize=860 outsize=600 kw= ok=1
Cmd: preprocess
  insize=2845 outsize=1457 ok=1
Cmd: compileSnippet
  api=4 type=0 insize=1692 outsize=2615 kw= ok=1
Cmd: compileSnippet
  api=4 type=1 insize=1692 outsize=787 kw= ok=1
Cmd: preprocess
  insize=2023 outsize=803 ok=1
Cmd: compileSnippet
  api=4 type=0 insize=1522 outsize=1071 kw=LIGHTMAP_ON ok=1
Cmd: compileSnippet
  api=4 type=1 insize=1522 outsize=868 kw=LIGHTMAP_ON ok=1
Cmd: preprocess
  insize=1464 outsize=884 ok=1
Cmd: compileSnippet
  api=4 type=0 insize=882 outsize=1193 kw= ok=1
Cmd: compileSnippet
  api=4 type=1 insize=882 outsize=754 kw= ok=1
Cmd: preprocess
  insize=2234 outsize=1045 ok=1
Cmd: compileSnippet
  api=4 type=0 insize=1491 outsize=1664 kw= ok=1
Cmd: compileSnippet
  api=4 type=1 insize=1491 outsize=787 kw= ok=1
Cmd: preprocess
  insize=2124 outsize=867 ok=1
Cmd: preprocess
  insize=5961 outsize=794 ok=1
Cmd: compileSnippet
  api=4 type=0 insize=5293 outsize=998 kw= ok=1
Cmd: compileSnippet
  api=4 type=1 insize=5293 outsize=1940 kw= ok=1
Cmd: compileSnippet
  api=4 type=0 insize=5299 outsize=998 kw= ok=1
Cmd: compileSnippet
  api=4 type=1 insize=5299 outsize=1680 kw= ok=1
Cmd: compileSnippet
  api=4 type=0 insize=5309 outsize=998 kw= ok=1
Cmd: compileSnippet
  api=4 type=1 insize=5309 outsize=6921 kw= ok=1
Cmd: preprocess
  insize=1232 outsize=483 ok=1
Cmd: compileSnippet
  api=4 type=0 insize=1051 outsize=1193 kw= ok=1
Cmd: compileSnippet
  api=4 type=1 insize=1051 outsize=1363 kw= ok=1
Cmd: preprocess
  insize=1547 outsize=831 ok=1
Cmd: compileSnippet
  api=4 type=0 insize=1018 outsize=1193 kw= ok=1
Cmd: compileSnippet
  api=4 type=1 insize=1018 outsize=795 kw= ok=1
Cmd: preprocess
  insize=1080 outsize=489 ok=1
Cmd: compileSnippet
  api=4 type=0 insize=893 outsize=1266 kw= ok=1
Cmd: compileSnippet
  api=4 type=1 insize=893 outsize=1022 kw= ok=1
Cmd: preprocess
  insize=751 outsize=239 ok=1
Cmd: compileSnippet
  error: 2 plat 4 at (35): syntax error: unexpected token 'f'
  api=4 type=0 insize=782 outsize=0 kw= ok=0
Cmd: preprocess
  insize=2107 outsize=493 ok=1
Cmd: compileSnippet
  api=4 type=0 insize=1917 outsize=1697 kw= ok=1
Cmd: compileSnippet
  api=4 type=1 insize=1917 outsize=1916 kw= ok=1
Cmd: preprocess
  insize=1213 outsize=389 ok=1
Cmd: compileSnippet
  api=4 type=0 insize=1129 outsize=1233 kw= ok=1
Cmd: compileSnippet
  api=4 type=1 insize=1129 outsize=1185 kw= ok=1
Cmd: preprocess
  insize=2236 outsize=1085 ok=1
Cmd: compileSnippet
  api=4 type=0 insize=1453 outsize=1445 kw= ok=1
Cmd: compileSnippet
  api=4 type=1 insize=1453 outsize=835 kw= ok=1
Cmd: preprocess
  insize=3119 outsize=1255 ok=1
Cmd: compileSnippet
  api=4 type=0 insize=2168 outsize=2208 kw=LIGHTMAP_ON ok=1
Cmd: compileSnippet
  api=4 type=1 insize=2168 outsize=1030 kw=LIGHTMAP_ON ok=1
Cmd: preprocess
  insize=574 outsize=259 ok=1
Cmd: compileSnippet
  api=4 type=0 insize=617 outsize=827 kw= ok=1
Cmd: compileSnippet
  api=4 type=1 insize=617 outsize=437 kw= ok=1
Cmd: preprocess
  insize=657 outsize=386 ok=1
Cmd: preprocess
  insize=724 outsize=315 ok=1
Cmd: compileSnippet
  api=4 type=0 insize=714 outsize=990 kw= ok=1
Cmd: compileSnippet
  api=4 type=1 insize=714 outsize=713 kw= ok=1
Cmd: preprocess
  insize=2067 outsize=1294 ok=1
Cmd: compileSnippet
  api=4 type=0 insize=1109 outsize=4118 kw=SHADOWS_SCREEN LIGHTMAP_ON ok=1
Cmd: compileSnippet
  api=4 type=1 insize=1109 outsize=1745 kw=SHADOWS_SCREEN LIGHTMAP_ON ok=1
Cmd: preprocess
  insize=5293 outsize=886 ok=1
Cmd: compileSnippet
  api=4 type=0 insize=4442 outsize=1583 kw= ok=1
Cmd: compileSnippet
  api=4 type=1 insize=4442 outsize=1307 kw= ok=1
Cmd: compileSnippet
  api=4 type=0 insize=4447 outsize=1396 kw= ok=1
Cmd: compileSnippet
  api=4 type=1 insize=4447 outsize=1518 kw= ok=1
Cmd: compileSnippet
  api=4 type=0 insize=4448 outsize=1396 kw= ok=1
Cmd: compileSnippet
  api=4 type=1 insize=4448 outsize=1518 kw= ok=1
Cmd: compileSnippet
  api=4 type=0 insize=4452 outsize=1753 kw= ok=1
Cmd: compileSnippet
  api=4 type=1 insize=4452 outsize=1786 kw= ok=1
Cmd: compileSnippet
  api=4 type=0 insize=4453 outsize=1753 kw= ok=1
Cmd: compileSnippet
  api=4 type=1 insize=4453 outsize=1786 kw= ok=1
Cmd: preprocess
  insize=2240 outsize=998 ok=1
Cmd: compileSnippet
  api=4 type=0 insize=1544 outsize=2395 kw= ok=1
Cmd: compileSnippet
  api=4 type=1 insize=1544 outsize=616 kw= ok=1
Cmd: preprocess
  insize=3905 outsize=1779 ok=1
Cmd: compileSnippet
  api=4 type=0 insize=1222 outsize=4085 kw=SHADOWS_SCREEN LIGHTMAP_ON ok=1
Cmd: compileSnippet
  api=4 type=1 insize=1222 outsize=1453 kw=SHADOWS_SCREEN LIGHTMAP_ON ok=1
Cmd: compileSnippet
  api=4 type=0 insize=881 outsize=1233 kw=SHADOWS_DEPTH ok=1
Cmd: compileSnippet
  api=4 type=1 insize=881 outsize=437 kw=SHADOWS_DEPTH ok=1
Cmd: preprocess
  insize=2261 outsize=1094 ok=1
Cmd: preprocess
  insize=3574 outsize=1903 ok=1
Cmd: compileSnippet
  api=4 type=0 insize=1156 outsize=4849 kw=SHADOWS_SCREEN LIGHTMAP_ON ok=1
Cmd: compileSnippet
  api=4 type=1 insize=1156 outsize=1412 kw=SHADOWS_SCREEN LIGHTMAP_ON ok=1
Cmd: compileSnippet
  api=4 type=0 insize=1190 outsize=4849 kw=SHADOWS_SCREEN LIGHTMAP_ON ok=1
Cmd: compileSnippet
  api=4 type=1 insize=1190 outsize=1412 kw=SHADOWS_SCREEN LIGHTMAP_ON ok=1
Cmd: compileSnippet
  api=4 type=0 insize=2646 outsize=1851 kw=DIRECTIONAL SHADOWS_OFF ok=1
Cmd: compileSnippet
  api=4 type=1 insize=2646 outsize=1193 kw=DIRECTIONAL SHADOWS_OFF ok=1
Cmd: compileSnippet
  api=4 type=0 insize=2509 outsize=2119 kw=DIRECTIONAL ok=1
Cmd: compileSnippet
  api=4 type=1 insize=2509 outsize=1193 kw=DIRECTIONAL ok=1
Cmd: compileSnippet
  api=4 type=0 insize=1062 outsize=3435 kw=SHADOWS_OFF LIGHTMAP_OFF ok=1
Cmd: compileSnippet
  api=4 type=1 insize=1062 outsize=884 kw=SHADOWS_OFF LIGHTMAP_OFF ok=1
Cmd: compileSnippet
  api=4 type=0 insize=1122 outsize=3573 kw=SHADOWS_OFF LIGHTMAP_OFF ok=1
Cmd: compileSnippet
  api=4 type=1 insize=1122 outsize=1014 kw=SHADOWS_OFF LIGHTMAP_OFF ok=1
Cmd: compileSnippet
  api=4 type=0 insize=4000 outsize=3102 kw=DIRECTIONAL ok=1
Cmd: compileSnippet
  api=4 type=1 insize=4000 outsize=4443 kw=DIRECTIONAL ok=1
Cmd: compileSnippet
  api=4 type=0 insize=4314 outsize=3484 kw=DIRECTIONAL ok=1
Cmd: compileSnippet
  api=4 type=1 insize=4314 outsize=4605 kw=DIRECTIONAL ok=1
Cmd: compileSnippet
  api=4 type=0 insize=2307 outsize=1851 kw=DIRECTIONAL SHADOWS_OFF ok=1
Cmd: compileSnippet
  api=4 type=1 insize=2307 outsize=1193 kw=DIRECTIONAL SHADOWS_OFF ok=1
Cmd: compileSnippet
  api=4 type=0 insize=1122 outsize=3736 kw=SHADOWS_OFF LIGHTMAP_ON ok=1
Cmd: compileSnippet
  api=4 type=1 insize=1122 outsize=1177 kw=SHADOWS_OFF LIGHTMAP_ON ok=1
Cmd: compileSnippet
  api=4 type=0 insize=1062 outsize=3598 kw=SHADOWS_OFF LIGHTMAP_ON ok=1
Cmd: compileSnippet
  api=4 type=1 insize=1062 outsize=1047 kw=SHADOWS_OFF LIGHTMAP_ON ok=1
Cmd: compileSnippet
  api=4 type=0 insize=1005 outsize=3127 kw=SHADOWS_SPLIT_SPHERES SHADOWS_NATIVE ok=1
Cmd: compileSnippet
  api=4 type=1 insize=1005 outsize=3037 kw=SHADOWS_SPLIT_SPHERES SHADOWS_NATIVE ok=1
